Project1.exe: 00000A58: 14:09:37 []:>--------------------------------------------------------------<
Project1.exe: 00000A58: 14:09:37 [TUniServerModule]:Server First Init.
Project1.exe: 00000A58: 14:09:37 [TUniServerModule]:Debug Mode = ON
Project1.exe: 00000A58: 14:09:37 [TUniServerModule]:Starting HTTP Server on Port: 8077...
Project1.exe: 00000A58: 14:09:37 [TUniServerModule]:HTTP Server Started on Port: 8077
Project1.exe: 00000DD8: 14:14:13 []:>--------------------------------------------------------------<
Project1.exe: 00000DD8: 14:14:13 [TUniServerModule]:Server First Init.
Project1.exe: 00000DD8: 14:14:13 [TUniServerModule]:Debug Mode = ON
Project1.exe: 00000DD8: 14:14:13 [TUniServerModule]:Global Cache Folder Erased. <2> Files deleted.
Project1.exe: 00000DD8: 14:14:13 [TUniServerModule]:Starting HTTP Server on Port: 8077...
Project1.exe: 00000DD8: 14:14:14 [TUniServerModule]:HTTP Server Started on Port: 8077
Project1.exe: 00000DFC: 14:14:16 [127.0.0.1]:EUniSessionException : Invalid session or session Timeout. : Addr: $0075EB1D
Project1.exe: 00001DD0: 14:16:22 []:>--------------------------------------------------------------<
Project1.exe: 00001DD0: 14:16:22 [TUniServerModule]:Server First Init.
Project1.exe: 00001DD0: 14:16:22 [TUniServerModule]:Debug Mode = ON
Project1.exe: 00001DD0: 14:16:22 [TUniServerModule]:Global Cache Folder Erased. <2> Files deleted.
Project1.exe: 00001DD0: 14:16:22 [TUniServerModule]:Starting HTTP Server on Port: 8077...
Project1.exe: 00001DD0: 14:16:22 [TUniServerModule]:HTTP Server Started on Port: 8077
Project1.exe: 00001758: 14:16:24 [127.0.0.1]:EUniSessionException : Invalid session or session Timeout. : Addr: $0075EB1D
Project1.exe: 00000570: 14:17:02 []:>--------------------------------------------------------------<
Project1.exe: 00000570: 14:17:02 [TUniServerModule]:Server First Init.
Project1.exe: 00000570: 14:17:02 [TUniServerModule]:Debug Mode = ON
Project1.exe: 00000570: 14:17:02 [TUniServerModule]:Global Cache Folder Erased. <2> Files deleted.
Project1.exe: 00000570: 14:17:02 [TUniServerModule]:Starting HTTP Server on Port: 8077...
Project1.exe: 00000570: 14:17:02 [TUniServerModule]:HTTP Server Started on Port: 8077
Project1.exe: 0000135C: 14:17:05 [127.0.0.1]:EUniSessionException : Invalid session or session Timeout. : Addr: $0075EB1D
Project1.exe: 00001E08: 14:18:08 []:>--------------------------------------------------------------<
Project1.exe: 00001E08: 14:18:08 [TUniServerModule]:Server First Init.
Project1.exe: 00001E08: 14:18:08 [TUniServerModule]:Debug Mode = ON
Project1.exe: 00001E08: 14:18:08 [TUniServerModule]:Global Cache Folder Erased. <2> Files deleted.
Project1.exe: 00001E08: 14:18:08 [TUniServerModule]:Starting HTTP Server on Port: 8077...
Project1.exe: 00001E08: 14:18:08 [TUniServerModule]:HTTP Server Started on Port: 8077
Project1.exe: 0000173C: 14:18:10 [127.0.0.1]:EUniSessionException : Invalid session or session Timeout. : Addr: $0075EB1D
Project1.exe: 000014B0: 14:18:23 []:>--------------------------------------------------------------<
Project1.exe: 000014B0: 14:18:23 [TUniServerModule]:Server First Init.
Project1.exe: 000014B0: 14:18:23 [TUniServerModule]:Debug Mode = ON
Project1.exe: 000014B0: 14:18:23 [TUniServerModule]:Global Cache Folder Erased. <2> Files deleted.
Project1.exe: 000014B0: 14:18:23 [TUniServerModule]:Starting HTTP Server on Port: 8077...
Project1.exe: 000014B0: 14:18:23 [TUniServerModule]:HTTP Server Started on Port: 8077
Project1.exe: 00002030: 14:18:27 [127.0.0.1]:EUniSessionException : Invalid session or session Timeout. : Addr: $0075EB1D
Project1.exe: 00000C98: 14:28:52 []:>--------------------------------------------------------------<
Project1.exe: 00000C98: 14:28:52 [TUniServerModule]:Server First Init.
Project1.exe: 00000C98: 14:28:52 [TUniServerModule]:Debug Mode = ON
Project1.exe: 00000C98: 14:28:52 [TUniServerModule]:Global Cache Folder Erased. <2> Files deleted.
Project1.exe: 00000C98: 14:28:52 [TUniServerModule]:Starting HTTP Server on Port: 8077...
Project1.exe: 00000C98: 14:28:52 [TUniServerModule]:HTTP Server Started on Port: 8077
Project1.exe: 000023F4: 14:29:02 [127.0.0.1]:EUniSessionException : Invalid session or session Timeout. : Addr: $0075EB1D
Project1.exe: 000005E8: 14:32:46 []:>--------------------------------------------------------------<
Project1.exe: 000005E8: 14:32:46 [TUniServerModule]:Server First Init.
Project1.exe: 000005E8: 14:32:46 [TUniServerModule]:Debug Mode = ON
Project1.exe: 000005E8: 14:32:46 [TUniServerModule]:Global Cache Folder Erased. <2> Files deleted.
Project1.exe: 000005E8: 14:32:46 [TUniServerModule]:Starting HTTP Server on Port: 8077...
Project1.exe: 000005E8: 14:32:47 [TUniServerModule]:HTTP Server Started on Port: 8077
Project1.exe: 00000698: 14:32:50 [127.0.0.1]:EUniSessionException : Invalid session or session Timeout. : Addr: $0075EB1D
Project1.exe: 00001AE0: 14:33:47 []:>--------------------------------------------------------------<
Project1.exe: 00001AE0: 14:33:47 [TUniServerModule]:Server First Init.
Project1.exe: 00001AE0: 14:33:47 [TUniServerModule]:Debug Mode = ON
Project1.exe: 00001AE0: 14:33:47 [TUniServerModule]:Global Cache Folder Erased. <2> Files deleted.
Project1.exe: 00001AE0: 14:33:47 [TUniServerModule]:Starting HTTP Server on Port: 8077...
Project1.exe: 00001AE0: 14:33:47 [TUniServerModule]:HTTP Server Started on Port: 8077
Project1.exe: 00001A98: 14:33:51 [127.0.0.1]:EUniSessionException : Invalid session or session Timeout. : Addr: $0075EB1D
Project1.exe: 00001B78: 14:34:42 []:>--------------------------------------------------------------<
Project1.exe: 00001B78: 14:34:42 [TUniServerModule]:Server First Init.
Project1.exe: 00001B78: 14:34:42 [TUniServerModule]:Debug Mode = ON
Project1.exe: 00001B78: 14:34:42 [TUniServerModule]:Global Cache Folder Erased. <2> Files deleted.
Project1.exe: 00001B78: 14:34:42 [TUniServerModule]:Starting HTTP Server on Port: 8077...
Project1.exe: 00001B78: 14:34:42 [TUniServerModule]:HTTP Server Started on Port: 8077
Project1.exe: 00002030: 14:34:46 [127.0.0.1]:EUniSessionException : Invalid session or session Timeout. : Addr: $0075EB1D
Project1.exe: 00000370: 14:35:17 []:>--------------------------------------------------------------<
Project1.exe: 00000370: 14:35:17 [TUniServerModule]:Server First Init.
Project1.exe: 00000370: 14:35:17 [TUniServerModule]:Debug Mode = ON
Project1.exe: 00000370: 14:35:17 [TUniServerModule]:Global Cache Folder Erased. <2> Files deleted.
Project1.exe: 00000370: 14:35:17 [TUniServerModule]:Starting HTTP Server on Port: 8077...
Project1.exe: 00000370: 14:35:17 [TUniServerModule]:HTTP Server Started on Port: 8077
Project1.exe: 00000EF4: 14:35:20 [127.0.0.1]:EUniSessionException : Invalid session or session Timeout. : Addr: $0075EB1D
Project1.exe: 00001C58: 14:36:45 []:>--------------------------------------------------------------<
Project1.exe: 00001C58: 14:36:45 [TUniServerModule]:Server First Init.
Project1.exe: 00001C58: 14:36:45 [TUniServerModule]:Debug Mode = ON
Project1.exe: 00001C58: 14:36:45 [TUniServerModule]:Global Cache Folder Erased. <2> Files deleted.
Project1.exe: 00001C58: 14:36:45 [TUniServerModule]:Starting HTTP Server on Port: 8077...
Project1.exe: 00001C58: 14:36:45 [TUniServerModule]:HTTP Server Started on Port: 8077
Project1.exe: 00000D6C: 14:36:48 [127.0.0.1]:EUniSessionException : Invalid session or session Timeout. : Addr: $0075EB1D
Project1.exe: 000000E8: 14:37:22 []:>--------------------------------------------------------------<
Project1.exe: 000000E8: 14:37:22 [TUniServerModule]:Server First Init.
Project1.exe: 000000E8: 14:37:22 [TUniServerModule]:Debug Mode = ON
Project1.exe: 000000E8: 14:37:22 [TUniServerModule]:Global Cache Folder Erased. <2> Files deleted.
Project1.exe: 000000E8: 14:37:22 [TUniServerModule]:Starting HTTP Server on Port: 8077...
Project1.exe: 000000E8: 14:37:22 [TUniServerModule]:HTTP Server Started on Port: 8077
Project1.exe: 00001D60: 14:37:25 [127.0.0.1]:EUniSessionException : Invalid session or session Timeout. : Addr: $0075EB1D
Project1.exe: 000015CC: 14:38:00 []:>--------------------------------------------------------------<
Project1.exe: 000015CC: 14:38:00 [TUniServerModule]:Server First Init.
Project1.exe: 000015CC: 14:38:00 [TUniServerModule]:Debug Mode = ON
Project1.exe: 000015CC: 14:38:00 [TUniServerModule]:Global Cache Folder Erased. <2> Files deleted.
Project1.exe: 000015CC: 14:38:00 [TUniServerModule]:Starting HTTP Server on Port: 8077...
Project1.exe: 000015CC: 14:38:00 [TUniServerModule]:HTTP Server Started on Port: 8077
Project1.exe: 000019E0: 14:38:02 [127.0.0.1]:EUniSessionException : Invalid session or session Timeout. : Addr: $0075EB1D
Project1.exe: 000022A0: 14:38:50 []:>--------------------------------------------------------------<
Project1.exe: 000022A0: 14:38:50 [TUniServerModule]:Server First Init.
Project1.exe: 000022A0: 14:38:50 [TUniServerModule]:Debug Mode = ON
Project1.exe: 000022A0: 14:38:50 [TUniServerModule]:Global Cache Folder Erased. <2> Files deleted.
Project1.exe: 000022A0: 14:38:50 [TUniServerModule]:Starting HTTP Server on Port: 8077...
Project1.exe: 000022A0: 14:38:50 [TUniServerModule]:HTTP Server Started on Port: 8077
Project1.exe: 00001364: 14:38:53 [127.0.0.1]:EUniSessionException : Invalid session or session Timeout. : Addr: $0075EB1D
Project1.exe: 00000EF4: 14:42:38 []:>--------------------------------------------------------------<
Project1.exe: 00000EF4: 14:42:38 [TUniServerModule]:Server First Init.
Project1.exe: 00000EF4: 14:42:38 [TUniServerModule]:Debug Mode = ON
Project1.exe: 00000EF4: 14:42:38 [TUniServerModule]:Global Cache Folder Erased. <2> Files deleted.
Project1.exe: 00000EF4: 14:42:39 [TUniServerModule]:Starting HTTP Server on Port: 8077...
Project1.exe: 00000EF4: 14:42:39 [TUniServerModule]:HTTP Server Started on Port: 8077
Project1.exe: 000011E8: 14:42:43 [127.0.0.1]:EUniSessionException : Invalid session or session Timeout. : Addr: $0075EB1D
Project1.exe: 00001CA4: 14:48:21 []:>--------------------------------------------------------------<
Project1.exe: 00001CA4: 14:48:21 [TUniServerModule]:Server First Init.
Project1.exe: 00001CA4: 14:48:21 [TUniServerModule]:Debug Mode = ON
Project1.exe: 00001CA4: 14:48:21 [TUniServerModule]:Global Cache Folder Erased. <2> Files deleted.
Project1.exe: 00001CA4: 14:48:21 [TUniServerModule]:Starting HTTP Server on Port: 8077...
Project1.exe: 00001CA4: 14:48:22 [TUniServerModule]:HTTP Server Started on Port: 8077
Project1.exe: 000013AC: 14:48:27 [127.0.0.1]:EUniSessionException : Invalid session or session Timeout. : Addr: $0075EB1D
Project1.exe: 000011B8: 14:51:47 []:>--------------------------------------------------------------<
Project1.exe: 000011B8: 14:51:47 [TUniServerModule]:Server First Init.
Project1.exe: 000011B8: 14:51:47 [TUniServerModule]:Debug Mode = ON
Project1.exe: 000011B8: 14:51:47 [TUniServerModule]:Global Cache Folder Erased. <2> Files deleted.
Project1.exe: 000011B8: 14:51:47 [TUniServerModule]:Starting HTTP Server on Port: 8077...
Project1.exe: 000011B8: 14:51:47 [TUniServerModule]:HTTP Server Started on Port: 8077
Project1.exe: 00001FA4: 14:51:53 [127.0.0.1]:EUniSessionException : Invalid session or session Timeout. : Addr: $0075EB1D
Project1.exe: 00001D2C: 14:53:07 []:>--------------------------------------------------------------<
Project1.exe: 00001D2C: 14:53:07 [TUniServerModule]:Server First Init.
Project1.exe: 00001D2C: 14:53:07 [TUniServerModule]:Debug Mode = ON
Project1.exe: 00001D2C: 14:53:07 [TUniServerModule]:Global Cache Folder Erased. <2> Files deleted.
Project1.exe: 00001D2C: 14:53:07 [TUniServerModule]:Starting HTTP Server on Port: 8077...
Project1.exe: 00001D2C: 14:53:07 [TUniServerModule]:HTTP Server Started on Port: 8077
Project1.exe: 000016F0: 14:53:11 [127.0.0.1]:EUniSessionException : Invalid session or session Timeout. : Addr: $0075EB1D
Project1.exe: 00001190: 14:54:10 []:>--------------------------------------------------------------<
Project1.exe: 00001190: 14:54:10 [TUniServerModule]:Server First Init.
Project1.exe: 00001190: 14:54:10 [TUniServerModule]:Debug Mode = ON
Project1.exe: 00001190: 14:54:10 [TUniServerModule]:Global Cache Folder Erased. <2> Files deleted.
Project1.exe: 00001190: 14:54:10 [TUniServerModule]:Starting HTTP Server on Port: 8077...
Project1.exe: 00001190: 14:54:10 [TUniServerModule]:HTTP Server Started on Port: 8077
Project1.exe: 00001064: 14:54:13 [127.0.0.1]:EUniSessionException : Invalid session or session Timeout. : Addr: $0075EB1D
Project1.exe: 00001190: 14:56:01 [TUniServerModule]:Shutting Down Server.
Project1.exe: 00001190: 14:56:01 [TUniServerModule]:Stopping HTTP Server.
Project1.exe: 00001190: 14:56:34 [TUniServerModule]:HTTP Server Stopped.
Project1.exe: 00001190: 14:56:34 [TUniGUISessionManager]:Terminating Session manager.
Project1.exe: 00001190: 14:56:34 [TUniGUISessionManager]:Stopping Cache Eraser...
Project1.exe: 00001190: 14:56:34 [TUniGUISessionManager]:Cache Eraser Stopped.
Project1.exe: 00001190: 14:56:34 [TUniGUISessionManager]:Destroying Worker Threads.
Project1.exe: 00001190: 14:56:34 [TUniGUISessionManager]:Session manager terminated.
Project1.exe: 00001190: 14:56:34 [TUniServerModule]:Server Shutdown Completed.
Project1.exe: 00001190: 14:56:34 []:<-------------------------------------------------------------->
Project1.exe: 00001190: 14:56:34 [Terminated]:Exit Code: 0
