Project1.exe: 00002278: 10:42:37 []:>--------------------------------------------------------------<
Project1.exe: 00002278: 10:42:37 [TUniServerModule]:Server First Init.
Project1.exe: 00002278: 10:42:37 [TUniServerModule]:Debug Mode = ON
Project1.exe: 00002278: 10:42:37 [TUniServerModule]:Starting HTTP Server on Port: 8077...
Project1.exe: 00002278: 10:42:37 [TUniServerModule]:HTTP Server Started on Port: 8077
Project1.exe: 00001598: 10:44:30 []:>--------------------------------------------------------------<
Project1.exe: 00001598: 10:44:30 [TUniServerModule]:Server First Init.
Project1.exe: 00001598: 10:44:30 [TUniServerModule]:Debug Mode = ON
Project1.exe: 00001598: 10:44:30 [TUniServerModule]:Global Cache Folder Erased. <2> Files deleted.
Project1.exe: 00001598: 10:44:30 [TUniServerModule]:Starting HTTP Server on Port: 8077...
Project1.exe: 00001598: 10:44:30 [TUniServerModule]:HTTP Server Started on Port: 8077
Project1.exe: 000006D8: 10:44:44 [127.0.0.1]:EUniSessionException : Invalid session or session Timeout. : Addr: $0075EB1D
Project1.exe: 00002354: 10:47:30 []:>--------------------------------------------------------------<
Project1.exe: 00002354: 10:47:30 [TUniServerModule]:Server First Init.
Project1.exe: 00002354: 10:47:30 [TUniServerModule]:Debug Mode = ON
Project1.exe: 00002354: 10:47:30 [TUniServerModule]:Global Cache Folder Erased. <3> Files deleted.
Project1.exe: 00002354: 10:47:30 [TUniServerModule]:Starting HTTP Server on Port: 8077...
Project1.exe: 00002354: 10:47:30 [TUniServerModule]:HTTP Server Started on Port: 8077
Project1.exe: 00000BD8: 10:47:41 [127.0.0.1]:EUniSessionException : Invalid session or session Timeout. : Addr: $0075EB1D
Project1.exe: 00002354: 10:47:55 [TUniServerModule]:Shutting Down Server.
Project1.exe: 00002354: 10:47:55 [TUniServerModule]:Stopping HTTP Server.
Project1.exe: 00002354: 10:48:03 [TUniServerModule]:HTTP Server Stopped.
Project1.exe: 00002354: 10:48:03 [TUniGUISessionManager]:Terminating Session manager.
Project1.exe: 00002354: 10:48:03 [TUniGUISessionManager]:Stopping Cache Eraser...
Project1.exe: 00002354: 10:48:03 [TUniGUISessionManager]:Cache Eraser Stopped.
Project1.exe: 00002354: 10:48:03 [TUniGUISessionManager]:Destroying Worker Threads.
Project1.exe: 00002354: 10:48:03 [TUniGUISessionManager]:Session manager terminated.
Project1.exe: 00002354: 10:48:03 [TUniServerModule]:Server Shutdown Completed.
Project1.exe: 00002354: 10:48:03 []:<-------------------------------------------------------------->
Project1.exe: 00002354: 10:48:03 [Terminated]:Exit Code: 0
Project1.exe: 00001614: 10:55:11 []:>--------------------------------------------------------------<
Project1.exe: 00001614: 10:55:11 [TUniServerModule]:Server First Init.
Project1.exe: 00001614: 10:55:11 [TUniServerModule]:Debug Mode = ON
Project1.exe: 00001614: 10:55:11 [TUniServerModule]:Starting HTTP Server on Port: 8077...
Project1.exe: 00001614: 10:55:11 [TUniServerModule]:HTTP Server Started on Port: 8077
Project1.exe: 00001008: 10:55:23 [127.0.0.1]:EUniSessionException : Invalid session or session Timeout. : Addr: $007A6C81
Project1.exe: 00001098: 10:57:50 []:>--------------------------------------------------------------<
Project1.exe: 00001098: 10:57:50 [TUniServerModule]:Server First Init.
Project1.exe: 00001098: 10:57:50 [TUniServerModule]:Debug Mode = ON
Project1.exe: 00001098: 10:57:50 [TUniServerModule]:Global Cache Folder Erased. <2> Files deleted.
Project1.exe: 00001098: 10:57:50 [TUniServerModule]:Starting HTTP Server on Port: 8077...
Project1.exe: 00001098: 10:57:50 [TUniServerModule]:HTTP Server Started on Port: 8077
Project1.exe: 00000524: 10:57:57 [127.0.0.1]:EUniSessionException : Invalid session or session Timeout. : Addr: $007A6C81
Project1.exe: 000006EC: 11:03:58 []:>--------------------------------------------------------------<
Project1.exe: 000006EC: 11:03:58 [TUniServerModule]:Server First Init.
Project1.exe: 000006EC: 11:03:58 [TUniServerModule]:Debug Mode = ON
Project1.exe: 000006EC: 11:03:58 [TUniServerModule]:Global Cache Folder Erased. <1> Files deleted.
Project1.exe: 000006EC: 11:03:58 [TUniServerModule]:Starting HTTP Server on Port: 8077...
Project1.exe: 000006EC: 11:03:58 [TUniServerModule]:HTTP Server Started on Port: 8077
Project1.exe: 0000179C: 11:05:13 []:>--------------------------------------------------------------<
Project1.exe: 0000179C: 11:05:13 [TUniServerModule]:Server First Init.
Project1.exe: 0000179C: 11:05:13 [TUniServerModule]:Debug Mode = ON
Project1.exe: 0000179C: 11:05:13 [TUniServerModule]:Global Cache Folder Erased. <3> Files deleted.
Project1.exe: 0000179C: 11:05:13 [TUniServerModule]:Starting HTTP Server on Port: 8077...
Project1.exe: 0000179C: 11:05:13 [TUniServerModule]:HTTP Server Started on Port: 8077
Project1.exe: 0000020C: 11:05:22 [127.0.0.1]:EUniSessionException : Invalid session or session Timeout. : Addr: $007ACAB9
Project1.exe: 0000128C: 11:06:38 []:>--------------------------------------------------------------<
Project1.exe: 0000128C: 11:06:38 [TUniServerModule]:Server First Init.
Project1.exe: 0000128C: 11:06:38 [TUniServerModule]:Debug Mode = ON
Project1.exe: 0000128C: 11:06:38 [TUniServerModule]:Global Cache Folder Erased. <3> Files deleted.
Project1.exe: 0000128C: 11:06:38 [TUniServerModule]:Starting HTTP Server on Port: 8077...
Project1.exe: 0000128C: 11:06:38 [TUniServerModule]:HTTP Server Started on Port: 8077
Project1.exe: 00000FA8: 11:06:50 [127.0.0.1]:EUniSessionException : Invalid session or session Timeout. : Addr: $007ACAB9
Project1.exe: 000015D0: 11:07:42 []:>--------------------------------------------------------------<
Project1.exe: 000015D0: 11:07:42 [TUniServerModule]:Server First Init.
Project1.exe: 000015D0: 11:07:42 [TUniServerModule]:Debug Mode = ON
Project1.exe: 000015D0: 11:07:42 [TUniServerModule]:Global Cache Folder Erased. <3> Files deleted.
Project1.exe: 000015D0: 11:07:42 [TUniServerModule]:Starting HTTP Server on Port: 8077...
Project1.exe: 000015D0: 11:07:42 [TUniServerModule]:HTTP Server Started on Port: 8077
Project1.exe: 000020C4: 11:07:49 [127.0.0.1]:EUniSessionException : Invalid session or session Timeout. : Addr: $007ACAB9
Project1.exe: 000006D8: 11:09:02 []:>--------------------------------------------------------------<
Project1.exe: 000006D8: 11:09:02 [TUniServerModule]:Server First Init.
Project1.exe: 000006D8: 11:09:02 [TUniServerModule]:Debug Mode = ON
Project1.exe: 000006D8: 11:09:02 [TUniServerModule]:Global Cache Folder Erased. <3> Files deleted.
Project1.exe: 000006D8: 11:09:02 [TUniServerModule]:Starting HTTP Server on Port: 8077...
Project1.exe: 000006D8: 11:09:02 [TUniServerModule]:HTTP Server Started on Port: 8077
Project1.exe: 00000E58: 11:09:14 [127.0.0.1]:EUniSessionException : Invalid session or session Timeout. : Addr: $007ACAB9
Project1.exe: 000014BC: 11:10:02 []:>--------------------------------------------------------------<
Project1.exe: 000014BC: 11:10:02 [TUniServerModule]:Server First Init.
Project1.exe: 000014BC: 11:10:02 [TUniServerModule]:Debug Mode = ON
Project1.exe: 000014BC: 11:10:02 [TUniServerModule]:Global Cache Folder Erased. <3> Files deleted.
Project1.exe: 000014BC: 11:10:02 [TUniServerModule]:Starting HTTP Server on Port: 8077...
Project1.exe: 000014BC: 11:10:02 [TUniServerModule]:HTTP Server Started on Port: 8077
Project1.exe: 0000232C: 11:10:09 [127.0.0.1]:EUniSessionException : Invalid session or session Timeout. : Addr: $007ACAB9
Project1.exe: 000015B4: 11:15:46 []:>--------------------------------------------------------------<
Project1.exe: 000015B4: 11:15:46 [TUniServerModule]:Server First Init.
Project1.exe: 000015B4: 11:15:46 [TUniServerModule]:Debug Mode = ON
Project1.exe: 000015B4: 11:15:46 [TUniServerModule]:Global Cache Folder Erased. <3> Files deleted.
Project1.exe: 000015B4: 11:15:46 [TUniServerModule]:Starting HTTP Server on Port: 8077...
Project1.exe: 000015B4: 11:15:46 [TUniServerModule]:HTTP Server Started on Port: 8077
Project1.exe: 00000E78: 11:15:54 [127.0.0.1]:EUniSessionException : Invalid session or session Timeout. : Addr: $007ACAB9
Project1.exe: 00000A70: 11:17:25 []:>--------------------------------------------------------------<
Project1.exe: 00000A70: 11:17:25 [TUniServerModule]:Server First Init.
Project1.exe: 00000A70: 11:17:25 [TUniServerModule]:Debug Mode = ON
Project1.exe: 00000A70: 11:17:25 [TUniServerModule]:Global Cache Folder Erased. <3> Files deleted.
Project1.exe: 00000A70: 11:17:25 [TUniServerModule]:Starting HTTP Server on Port: 8077...
Project1.exe: 00000A70: 11:17:25 [TUniServerModule]:HTTP Server Started on Port: 8077
Project1.exe: 00001B4C: 11:17:32 [127.0.0.1]:EUniSessionException : Invalid session or session Timeout. : Addr: $007ACAB9
Project1.exe: 00000F24: 11:19:21 []:>--------------------------------------------------------------<
Project1.exe: 00000F24: 11:19:21 [TUniServerModule]:Server First Init.
Project1.exe: 00000F24: 11:19:21 [TUniServerModule]:Debug Mode = ON
Project1.exe: 00000F24: 11:19:21 [TUniServerModule]:Global Cache Folder Erased. <3> Files deleted.
Project1.exe: 00000F24: 11:19:21 [TUniServerModule]:Starting HTTP Server on Port: 8077...
Project1.exe: 00000F24: 11:19:21 [TUniServerModule]:HTTP Server Started on Port: 8077
Project1.exe: 00001D50: 11:19:27 [127.0.0.1]:EUniSessionException : Invalid session or session Timeout. : Addr: $007ACAB9
Project1.exe: 00002050: 11:20:22 []:>--------------------------------------------------------------<
Project1.exe: 00002050: 11:20:22 [TUniServerModule]:Server First Init.
Project1.exe: 00002050: 11:20:22 [TUniServerModule]:Debug Mode = ON
Project1.exe: 00002050: 11:20:22 [TUniServerModule]:Global Cache Folder Erased. <3> Files deleted.
Project1.exe: 00002050: 11:20:22 [TUniServerModule]:Starting HTTP Server on Port: 8077...
Project1.exe: 00002050: 11:20:22 [TUniServerModule]:HTTP Server Started on Port: 8077
Project1.exe: 00001DFC: 11:20:29 [127.0.0.1]:EUniSessionException : Invalid session or session Timeout. : Addr: $007ACAB9
Project1.exe: 00001E18: 11:21:10 []:>--------------------------------------------------------------<
Project1.exe: 00001E18: 11:21:10 [TUniServerModule]:Server First Init.
Project1.exe: 00001E18: 11:21:10 [TUniServerModule]:Debug Mode = ON
Project1.exe: 00001E18: 11:21:10 [TUniServerModule]:Global Cache Folder Erased. <3> Files deleted.
Project1.exe: 00001E18: 11:21:10 [TUniServerModule]:Starting HTTP Server on Port: 8077...
Project1.exe: 00001E18: 11:21:10 [TUniServerModule]:HTTP Server Started on Port: 8077
Project1.exe: 00001B2C: 11:21:16 [127.0.0.1]:EUniSessionException : Invalid session or session Timeout. : Addr: $007ACAB9
Project1.exe: 00000F14: 11:21:46 []:>--------------------------------------------------------------<
Project1.exe: 00000F14: 11:21:46 [TUniServerModule]:Server First Init.
Project1.exe: 00000F14: 11:21:46 [TUniServerModule]:Debug Mode = ON
Project1.exe: 00000F14: 11:21:46 [TUniServerModule]:Global Cache Folder Erased. <3> Files deleted.
Project1.exe: 00000F14: 11:21:46 [TUniServerModule]:Starting HTTP Server on Port: 8077...
Project1.exe: 00000F14: 11:21:46 [TUniServerModule]:HTTP Server Started on Port: 8077
Project1.exe: 000019E4: 11:21:53 [127.0.0.1]:EUniSessionException : Invalid session or session Timeout. : Addr: $007ACAB9
Project1.exe: 00002034: 11:22:38 []:>--------------------------------------------------------------<
Project1.exe: 00002034: 11:22:38 [TUniServerModule]:Server First Init.
Project1.exe: 00002034: 11:22:38 [TUniServerModule]:Debug Mode = ON
Project1.exe: 00002034: 11:22:38 [TUniServerModule]:Global Cache Folder Erased. <3> Files deleted.
Project1.exe: 00002034: 11:22:38 [TUniServerModule]:Starting HTTP Server on Port: 8077...
Project1.exe: 00002034: 11:22:38 [TUniServerModule]:HTTP Server Started on Port: 8077
Project1.exe: 000022BC: 11:22:45 [127.0.0.1]:EUniSessionException : Invalid session or session Timeout. : Addr: $007ACAB9
Project1.exe: 00000E30: 11:42:02 []:>--------------------------------------------------------------<
Project1.exe: 00000E30: 11:42:02 [TUniServerModule]:Server First Init.
Project1.exe: 00000E30: 11:42:02 [TUniServerModule]:Debug Mode = ON
Project1.exe: 00000E30: 11:42:02 [TUniServerModule]:Global Cache Folder Erased. <3> Files deleted.
Project1.exe: 00000E30: 11:42:02 [TUniServerModule]:Starting HTTP Server on Port: 8077...
Project1.exe: 00000E30: 11:42:02 [TUniServerModule]:HTTP Server Started on Port: 8077
Project1.exe: 00002390: 11:42:10 [127.0.0.1]:EUniSessionException : Invalid session or session Timeout. : Addr: $007ACAB9
Project1.exe: 00001BF4: 11:43:05 []:>--------------------------------------------------------------<
Project1.exe: 00001BF4: 11:43:05 [TUniServerModule]:Server First Init.
Project1.exe: 00001BF4: 11:43:05 [TUniServerModule]:Debug Mode = ON
Project1.exe: 00001BF4: 11:43:05 [TUniServerModule]:Global Cache Folder Erased. <3> Files deleted.
Project1.exe: 00001BF4: 11:43:05 [TUniServerModule]:Starting HTTP Server on Port: 8077...
Project1.exe: 00001BF4: 11:43:05 [TUniServerModule]:HTTP Server Started on Port: 8077
Project1.exe: 00001774: 11:43:11 [127.0.0.1]:EUniSessionException : Invalid session or session Timeout. : Addr: $007ACAB9
Project1.exe: 00000CD4: 11:43:26 []:>--------------------------------------------------------------<
Project1.exe: 00000CD4: 11:43:26 [TUniServerModule]:Server First Init.
Project1.exe: 00000CD4: 11:43:26 [TUniServerModule]:Debug Mode = ON
Project1.exe: 00000CD4: 11:43:26 [TUniServerModule]:Global Cache Folder Erased. <3> Files deleted.
Project1.exe: 00000CD4: 11:43:26 [TUniServerModule]:Starting HTTP Server on Port: 8077...
Project1.exe: 00000CD4: 11:43:26 [TUniServerModule]:HTTP Server Started on Port: 8077
Project1.exe: 0000246C: 11:43:33 [127.0.0.1]:EUniSessionException : Invalid session or session Timeout. : Addr: $007ACAB9
Project1.exe: 000010CC: 13:08:38 []:>--------------------------------------------------------------<
Project1.exe: 000010CC: 13:08:38 [TUniServerModule]:Server First Init.
Project1.exe: 000010CC: 13:08:38 [TUniServerModule]:Debug Mode = ON
Project1.exe: 000010CC: 13:08:38 [TUniServerModule]:Global Cache Folder Erased. <1> Files deleted.
Project1.exe: 000010CC: 13:08:38 [TUniServerModule]:Starting HTTP Server on Port: 8077...
Project1.exe: 000010CC: 13:08:38 [TUniServerModule]:HTTP Server Started on Port: 8077
Project1.exe: 0000137C: 13:08:47 [127.0.0.1]:EUniSessionException : Invalid session or session Timeout. : Addr: $007ACAB9
Project1.exe: 000010CC: 13:52:01 [TUniServerModule]:Shutting Down Server.
Project1.exe: 000010CC: 13:52:01 [TUniServerModule]:Stopping HTTP Server.
Project1.exe: 000010CC: 13:52:01 [TUniServerModule]:HTTP Server Stopped.
Project1.exe: 000010CC: 13:52:01 [TUniGUISessionManager]:Terminating Session manager.
Project1.exe: 000010CC: 13:52:01 [TUniGUISessionManager]:Stopping Cache Eraser...
Project1.exe: 000010CC: 13:52:01 [TUniGUISessionManager]:Cache Eraser Stopped.
Project1.exe: 000010CC: 13:52:01 [TUniGUISessionManager]:Destroying Worker Threads.
Project1.exe: 000010CC: 13:52:01 [TUniGUISessionManager]:Session manager terminated.
Project1.exe: 000010CC: 13:52:01 [TUniServerModule]:Server Shutdown Completed.
Project1.exe: 000010CC: 13:52:01 []:<-------------------------------------------------------------->
Project1.exe: 000010CC: 13:52:01 [Terminated]:Exit Code: 0
Project1.exe: 00001E84: 15:12:07 []:>--------------------------------------------------------------<
Project1.exe: 00001E84: 15:12:07 [TUniServerModule]:Server First Init.
Project1.exe: 00001E84: 15:12:07 [TUniServerModule]:Debug Mode = ON
Project1.exe: 00001E84: 15:12:07 [TUniServerModule]:Starting HTTP Server on Port: 8077...
Project1.exe: 00001E84: 15:12:07 [TUniServerModule]:HTTP Server Started on Port: 8077
Project1.exe: 00002848: 15:12:09 [127.0.0.1]:EUniSessionException : Invalid session or session Timeout. : Addr: $007AD551
Project1.exe: 00002A34: 15:36:37 []:>--------------------------------------------------------------<
Project1.exe: 00002A34: 15:36:37 [TUniServerModule]:Server First Init.
Project1.exe: 00002A34: 15:36:37 [TUniServerModule]:Debug Mode = ON
Project1.exe: 00002A34: 15:36:37 [TUniServerModule]:Global Cache Folder Erased. <1> Files deleted.
Project1.exe: 00002A34: 15:36:37 [TUniServerModule]:Starting HTTP Server on Port: 8077...
Project1.exe: 00002A34: 15:36:37 [TUniServerModule]:HTTP Server Started on Port: 8077
Project1.exe: 000029B4: 15:36:45 [127.0.0.1]:EUniSessionException : Invalid session or session Timeout. : Addr: $007AD551
