UserManager.exe: 00002CDC: 13:03:31 []:>--------------------------------------------------------------<
UserManager.exe: 00002CDC: 13:03:31 [TUniServerModule]:Server First Init.
UserManager.exe: 00002CDC: 13:03:31 [TUniServerModule]:Debug Mode = ON
UserManager.exe: 00002CDC: 13:03:31 [TUniServerModule]:Starting HTTP Server on Port: 8076...
UserManager.exe: 00002CDC: 13:03:31 [TUniServerModule]:HTTP Server Started on Port: 8076
UserManager.exe: 000032E4: 13:06:59 []:>--------------------------------------------------------------<
UserManager.exe: 000032E4: 13:06:59 [TUniServerModule]:Server First Init.
UserManager.exe: 000032E4: 13:06:59 [TUniServerModule]:Debug Mode = ON
UserManager.exe: 000032E4: 13:06:59 [TUniServerModule]:Global Cache Folder Erased. <2> Files deleted.
UserManager.exe: 000032E4: 13:06:59 [TUniServerModule]:Starting HTTP Server on Port: 8076...
UserManager.exe: 000032E4: 13:06:59 [TUniServerModule]:HTTP Server Started on Port: 8076
UserManager.exe: 000024B8: 13:07:46 []:>--------------------------------------------------------------<
UserManager.exe: 000024B8: 13:07:46 [TUniServerModule]:Server First Init.
UserManager.exe: 000024B8: 13:07:46 [TUniServerModule]:Debug Mode = ON
UserManager.exe: 000024B8: 13:07:46 [TUniServerModule]:Global Cache Folder Erased. <3> Files deleted.
UserManager.exe: 000024B8: 13:07:46 [TUniServerModule]:Starting HTTP Server on Port: 8076...
UserManager.exe: 000024B8: 13:07:46 [TUniServerModule]:HTTP Server Started on Port: 8076
UserManager.exe: 00002694: 13:07:50 [127.0.0.1]:EUniSessionException : Invalid session or session Timeout. : Addr: $007B8705
UserManager.exe: 00000EF8: 13:09:58 []:>--------------------------------------------------------------<
UserManager.exe: 00000EF8: 13:09:58 [TUniServerModule]:Server First Init.
UserManager.exe: 00000EF8: 13:09:58 [TUniServerModule]:Debug Mode = ON
UserManager.exe: 00000EF8: 13:09:58 [TUniServerModule]:Global Cache Folder Erased. <2> Files deleted.
UserManager.exe: 00000EF8: 13:09:58 [TUniServerModule]:Starting HTTP Server on Port: 8076...
UserManager.exe: 00000EF8: 13:09:58 [TUniServerModule]:HTTP Server Started on Port: 8076
UserManager.exe: 00002BDC: 13:10:07 [127.0.0.1]:EUniSessionException : Invalid session or session Timeout. : Addr: $007B8705
UserManager.exe: 00002F28: 13:10:55 []:>--------------------------------------------------------------<
UserManager.exe: 00002F28: 13:10:55 [TUniServerModule]:Server First Init.
UserManager.exe: 00002F28: 13:10:55 [TUniServerModule]:Debug Mode = ON
UserManager.exe: 00002F28: 13:10:55 [TUniServerModule]:Global Cache Folder Erased. <2> Files deleted.
UserManager.exe: 00002F28: 13:10:55 [TUniServerModule]:Starting HTTP Server on Port: 8076...
UserManager.exe: 00002F28: 13:10:55 [TUniServerModule]:HTTP Server Started on Port: 8076
UserManager.exe: 00002BE4: 13:11:05 [127.0.0.1]:EUniSessionException : Invalid session or session Timeout. : Addr: $007B8705
UserManager.exe: 000021A4: 13:11:31 []:>--------------------------------------------------------------<
UserManager.exe: 000021A4: 13:11:31 [TUniServerModule]:Server First Init.
UserManager.exe: 000021A4: 13:11:31 [TUniServerModule]:Debug Mode = ON
UserManager.exe: 000021A4: 13:11:31 [TUniServerModule]:Global Cache Folder Erased. <2> Files deleted.
UserManager.exe: 000021A4: 13:11:31 [TUniServerModule]:Starting HTTP Server on Port: 8076...
UserManager.exe: 000021A4: 13:11:31 [TUniServerModule]:HTTP Server Started on Port: 8076
UserManager.exe: 000011D4: 13:11:34 [127.0.0.1]:EUniSessionException : Invalid session or session Timeout. : Addr: $007B8705
UserManager.exe: 00002158: 13:11:54 []:>--------------------------------------------------------------<
UserManager.exe: 00002158: 13:11:54 [TUniServerModule]:Server First Init.
UserManager.exe: 00002158: 13:11:54 [TUniServerModule]:Debug Mode = ON
UserManager.exe: 00002158: 13:11:54 [TUniServerModule]:Global Cache Folder Erased. <2> Files deleted.
UserManager.exe: 00002158: 13:11:54 [TUniServerModule]:Starting HTTP Server on Port: 8076...
UserManager.exe: 00002158: 13:11:54 [TUniServerModule]:HTTP Server Started on Port: 8076
UserManager.exe: 000028A8: 13:11:58 [127.0.0.1]:EUniSessionException : Invalid session or session Timeout. : Addr: $007B8705
UserManager.exe: 00001370: 13:25:33 []:>--------------------------------------------------------------<
UserManager.exe: 00001370: 13:25:33 [TUniServerModule]:Server First Init.
UserManager.exe: 00001370: 13:25:33 [TUniServerModule]:Debug Mode = ON
UserManager.exe: 00001370: 13:25:33 [TUniServerModule]:Global Cache Folder Erased. <1> Files deleted.
UserManager.exe: 00001370: 13:25:33 [TUniServerModule]:Starting HTTP Server on Port: 8076...
UserManager.exe: 00001370: 13:25:33 [TUniServerModule]:HTTP Server Started on Port: 8076
UserManager.exe: 00002B00: 13:25:42 [127.0.0.1]:EUniSessionException : Invalid session or session Timeout. : Addr: $007B8705
UserManager.exe: 00002908: 13:38:02 []:>--------------------------------------------------------------<
UserManager.exe: 00002908: 13:38:02 [TUniServerModule]:Server First Init.
UserManager.exe: 00002908: 13:38:02 [TUniServerModule]:Debug Mode = ON
UserManager.exe: 00002908: 13:38:02 [TUniServerModule]:Global Cache Folder Erased. <2> Files deleted.
UserManager.exe: 00002908: 13:38:02 [TUniServerModule]:Starting HTTP Server on Port: 8076...
UserManager.exe: 00002908: 13:38:03 [TUniServerModule]:HTTP Server Started on Port: 8076
UserManager.exe: 00000F6C: 13:38:06 [127.0.0.1]:EUniSessionException : Invalid session or session Timeout. : Addr: $007BAFCD
UserManager.exe: 00002514: 13:39:09 []:>--------------------------------------------------------------<
UserManager.exe: 00002514: 13:39:09 [TUniServerModule]:Server First Init.
UserManager.exe: 00002514: 13:39:09 [TUniServerModule]:Debug Mode = ON
UserManager.exe: 00002514: 13:39:09 [TUniServerModule]:Global Cache Folder Erased. <3> Files deleted.
UserManager.exe: 00002514: 13:39:09 [TUniServerModule]:Starting HTTP Server on Port: 8076...
UserManager.exe: 00002514: 13:39:09 [TUniServerModule]:HTTP Server Started on Port: 8076
UserManager.exe: 00002610: 13:39:13 [127.0.0.1]:EUniSessionException : Invalid session or session Timeout. : Addr: $007BAFCD
UserManager.exe: 00003088: 13:40:05 []:>--------------------------------------------------------------<
UserManager.exe: 00003088: 13:40:05 [TUniServerModule]:Server First Init.
UserManager.exe: 00003088: 13:40:05 [TUniServerModule]:Debug Mode = ON
UserManager.exe: 00003088: 13:40:05 [TUniServerModule]:Global Cache Folder Erased. <3> Files deleted.
UserManager.exe: 00003088: 13:40:05 [TUniServerModule]:Starting HTTP Server on Port: 8076...
UserManager.exe: 00003088: 13:40:05 [TUniServerModule]:HTTP Server Started on Port: 8076
UserManager.exe: 0000156C: 13:40:08 [127.0.0.1]:EUniSessionException : Invalid session or session Timeout. : Addr: $007BAFCD
UserManager.exe: 00000A40: 13:54:43 []:>--------------------------------------------------------------<
UserManager.exe: 00000A40: 13:54:43 [TUniServerModule]:Server First Init.
UserManager.exe: 00000A40: 13:54:43 [TUniServerModule]:Debug Mode = ON
UserManager.exe: 00000A40: 13:54:43 [TUniServerModule]:Global Cache Folder Erased. <3> Files deleted.
UserManager.exe: 00000A40: 13:54:43 [TUniServerModule]:Starting HTTP Server on Port: 8076...
UserManager.exe: 00000A40: 13:54:43 [TUniServerModule]:HTTP Server Started on Port: 8076
UserManager.exe: 00001BD0: 13:54:47 [127.0.0.1]:EUniSessionException : Invalid session or session Timeout. : Addr: $007BAFD5
UserManager.exe: 00002BE8: 13:57:54 []:>--------------------------------------------------------------<
UserManager.exe: 00002BE8: 13:57:54 [TUniServerModule]:Server First Init.
UserManager.exe: 00002BE8: 13:57:54 [TUniServerModule]:Debug Mode = ON
UserManager.exe: 00002BE8: 13:57:54 [TUniServerModule]:Global Cache Folder Erased. <9> Files deleted.
UserManager.exe: 00002BE8: 13:57:54 [TUniServerModule]:Starting HTTP Server on Port: 8076...
UserManager.exe: 00002BE8: 13:57:54 [TUniServerModule]:HTTP Server Started on Port: 8076
UserManager.exe: 00002424: 13:57:57 [127.0.0.1]:EUniSessionException : Invalid session or session Timeout. : Addr: $007BAFD5
UserManager.exe: 00002568: 14:00:41 []:>--------------------------------------------------------------<
UserManager.exe: 00002568: 14:00:41 [TUniServerModule]:Server First Init.
UserManager.exe: 00002568: 14:00:41 [TUniServerModule]:Debug Mode = ON
UserManager.exe: 00002568: 14:00:41 [TUniServerModule]:Global Cache Folder Erased. <9> Files deleted.
UserManager.exe: 00002568: 14:00:41 [TUniServerModule]:Starting HTTP Server on Port: 8076...
UserManager.exe: 00002568: 14:00:41 [TUniServerModule]:HTTP Server Started on Port: 8076
UserManager.exe: 00002D90: 14:00:43 [127.0.0.1]:EUniSessionException : Invalid session or session Timeout. : Addr: $007BAFD5
UserManager.exe: 00001264: 14:07:19 []:>--------------------------------------------------------------<
UserManager.exe: 00001264: 14:07:19 [TUniServerModule]:Server First Init.
UserManager.exe: 00001264: 14:07:19 [TUniServerModule]:Debug Mode = ON
UserManager.exe: 00001264: 14:07:19 [TUniServerModule]:Global Cache Folder Erased. <15> Files deleted.
UserManager.exe: 00001264: 14:07:19 [TUniServerModule]:Starting HTTP Server on Port: 8076...
UserManager.exe: 00001264: 14:07:19 [TUniServerModule]:HTTP Server Started on Port: 8076
UserManager.exe: 00000E90: 14:07:24 [127.0.0.1]:EUniSessionException : Invalid session or session Timeout. : Addr: $007BAFD5
UserManager.exe: 00000A40: 14:27:42 []:>--------------------------------------------------------------<
UserManager.exe: 00000A40: 14:27:42 [TUniServerModule]:Server First Init.
UserManager.exe: 00000A40: 14:27:42 [TUniServerModule]:Debug Mode = ON
UserManager.exe: 00000A40: 14:27:42 [TUniServerModule]:Global Cache Folder Erased. <7> Files deleted.
UserManager.exe: 00000A40: 14:27:42 [TUniServerModule]:Starting HTTP Server on Port: 8076...
UserManager.exe: 00000A40: 14:27:42 [TUniServerModule]:HTTP Server Started on Port: 8076
UserManager.exe: 000029FC: 14:27:48 [127.0.0.1]:EUniSessionException : Invalid session or session Timeout. : Addr: $007BAFD5
UserManager.exe: 00000E00: 14:39:23 []:>--------------------------------------------------------------<
UserManager.exe: 00000E00: 14:39:23 [TUniServerModule]:Server First Init.
UserManager.exe: 00000E00: 14:39:23 [TUniServerModule]:Debug Mode = ON
UserManager.exe: 00000E00: 14:39:23 [TUniServerModule]:Global Cache Folder Erased. <8> Files deleted.
UserManager.exe: 00000E00: 14:39:23 [TUniServerModule]:Starting HTTP Server on Port: 8076...
UserManager.exe: 00000E00: 14:39:23 [TUniServerModule]:HTTP Server Started on Port: 8076
UserManager.exe: 00002708: 14:39:27 [127.0.0.1]:EUniSessionException : Invalid session or session Timeout. : Addr: $007BAFD5
UserManager.exe: 0000129C: 14:39:56 []:>--------------------------------------------------------------<
UserManager.exe: 0000129C: 14:39:56 [TUniServerModule]:Server First Init.
UserManager.exe: 0000129C: 14:39:56 [TUniServerModule]:Debug Mode = ON
UserManager.exe: 0000129C: 14:39:56 [TUniServerModule]:Global Cache Folder Erased. <3> Files deleted.
UserManager.exe: 0000129C: 14:39:56 [TUniServerModule]:Starting HTTP Server on Port: 8076...
UserManager.exe: 0000129C: 14:39:56 [TUniServerModule]:HTTP Server Started on Port: 8076
UserManager.exe: 00001860: 14:39:57 [127.0.0.1]:EUniSessionException : Invalid session or session Timeout. : Addr: $007BAFD5
UserManager.exe: 00001578: 14:40:14 [127.0.0.1]:EComponentError : A component named UniFrame1 already exists : Addr: $00484FB6
UserManager.exe: 000029D0: 14:56:31 []:>--------------------------------------------------------------<
UserManager.exe: 000029D0: 14:56:31 [TUniServerModule]:Server First Init.
UserManager.exe: 000029D0: 14:56:31 [TUniServerModule]:Debug Mode = ON
UserManager.exe: 000029D0: 14:56:31 [TUniServerModule]:Global Cache Folder Erased. <1> Files deleted.
UserManager.exe: 000029D0: 14:56:31 [TUniServerModule]:Starting HTTP Server on Port: 8076...
UserManager.exe: 000029D0: 14:56:31 [TUniServerModule]:HTTP Server Started on Port: 8076
UserManager.exe: 0000190C: 14:56:41 [127.0.0.1]:EUniSessionException : Invalid session or session Timeout. : Addr: $007BAFD5
UserManager.exe: 0000315C: 15:05:52 []:>--------------------------------------------------------------<
UserManager.exe: 0000315C: 15:05:52 [TUniServerModule]:Server First Init.
UserManager.exe: 0000315C: 15:05:52 [TUniServerModule]:Debug Mode = ON
UserManager.exe: 0000315C: 15:05:52 [TUniServerModule]:Global Cache Folder Erased. <5> Files deleted.
UserManager.exe: 0000315C: 15:05:52 [TUniServerModule]:Starting HTTP Server on Port: 8076...
UserManager.exe: 0000315C: 15:05:52 [TUniServerModule]:HTTP Server Started on Port: 8076
UserManager.exe: 00002B8C: 15:06:03 [127.0.0.1]:EUniSessionException : Invalid session or session Timeout. : Addr: $007BAFD5
UserManager.exe: 00002818: 15:10:52 []:>--------------------------------------------------------------<
UserManager.exe: 00002818: 15:10:53 [TUniServerModule]:Server First Init.
UserManager.exe: 00002818: 15:10:53 [TUniServerModule]:Debug Mode = ON
UserManager.exe: 00002818: 15:10:53 [TUniServerModule]:Global Cache Folder Erased. <4> Files deleted.
UserManager.exe: 00002818: 15:10:53 [TUniServerModule]:Starting HTTP Server on Port: 8076...
UserManager.exe: 00002818: 15:10:53 [TUniServerModule]:HTTP Server Started on Port: 8076
UserManager.exe: 00003378: 15:10:57 [127.0.0.1]:EUniSessionException : Invalid session or session Timeout. : Addr: $007BAFD5
UserManager.exe: 00002A2C: 15:16:27 []:>--------------------------------------------------------------<
UserManager.exe: 00002A2C: 15:16:27 [TUniServerModule]:Server First Init.
UserManager.exe: 00002A2C: 15:16:27 [TUniServerModule]:Debug Mode = ON
UserManager.exe: 00002A2C: 15:16:27 [TUniServerModule]:Global Cache Folder Erased. <4> Files deleted.
UserManager.exe: 00002A2C: 15:16:27 [TUniServerModule]:Starting HTTP Server on Port: 8076...
UserManager.exe: 00002A2C: 15:16:27 [TUniServerModule]:HTTP Server Started on Port: 8076
UserManager.exe: 00002BEC: 15:16:32 [127.0.0.1]:EUniSessionException : Invalid session or session Timeout. : Addr: $007BB615
UserManager.exe: 00000D14: 15:24:31 []:>--------------------------------------------------------------<
UserManager.exe: 00000D14: 15:24:31 [TUniServerModule]:Server First Init.
UserManager.exe: 00000D14: 15:24:31 [TUniServerModule]:Debug Mode = ON
UserManager.exe: 00000D14: 15:24:31 [TUniServerModule]:Global Cache Folder Erased. <3> Files deleted.
UserManager.exe: 00000D14: 15:24:31 [TUniServerModule]:Starting HTTP Server on Port: 8076...
UserManager.exe: 00000D14: 15:24:31 [TUniServerModule]:HTTP Server Started on Port: 8076
UserManager.exe: 000025C4: 15:24:50 [127.0.0.1]:EUniSessionException : Invalid session or session Timeout. : Addr: $007BAFE1
UserManager.exe: 000031F8: 15:38:19 []:>--------------------------------------------------------------<
UserManager.exe: 000031F8: 15:38:19 [TUniServerModule]:Server First Init.
UserManager.exe: 000031F8: 15:38:19 [TUniServerModule]:Debug Mode = ON
UserManager.exe: 000031F8: 15:38:19 [TUniServerModule]:Global Cache Folder Erased. <7> Files deleted.
UserManager.exe: 000031F8: 15:38:19 [TUniServerModule]:Starting HTTP Server on Port: 8076...
UserManager.exe: 000031F8: 15:38:19 [TUniServerModule]:HTTP Server Started on Port: 8076
UserManager.exe: 00003080: 15:38:28 [127.0.0.1]:EUniSessionException : Invalid session or session Timeout. : Addr: $007BDEE9
UserManager.exe: 000020BC: 16:07:44 []:>--------------------------------------------------------------<
UserManager.exe: 000020BC: 16:07:44 [TUniServerModule]:Server First Init.
UserManager.exe: 000020BC: 16:07:44 [TUniServerModule]:Debug Mode = ON
UserManager.exe: 000020BC: 16:07:44 [TUniServerModule]:Global Cache Folder Erased. <4> Files deleted.
UserManager.exe: 000020BC: 16:07:44 [TUniServerModule]:Starting HTTP Server on Port: 8076...
UserManager.exe: 000020BC: 16:07:44 [TUniServerModule]:HTTP Server Started on Port: 8076
UserManager.exe: 000029DC: 16:07:51 [127.0.0.1]:EUniSessionException : Invalid session or session Timeout. : Addr: $007BE0E9
UserManager.exe: 0000132C: 16:08:51 []:>--------------------------------------------------------------<
UserManager.exe: 0000132C: 16:08:51 [TUniServerModule]:Server First Init.
UserManager.exe: 0000132C: 16:08:51 [TUniServerModule]:Debug Mode = ON
UserManager.exe: 0000132C: 16:08:51 [TUniServerModule]:Global Cache Folder Erased. <25> Files deleted.
UserManager.exe: 0000132C: 16:08:51 [TUniServerModule]:Starting HTTP Server on Port: 8076...
UserManager.exe: 0000132C: 16:08:51 [TUniServerModule]:HTTP Server Started on Port: 8076
UserManager.exe: 00002D20: 16:08:54 [127.0.0.1]:EUniSessionException : Invalid session or session Timeout. : Addr: $007BE0E9
UserManager.exe: 00001C68: 16:37:34 []:>--------------------------------------------------------------<
UserManager.exe: 00001C68: 16:37:34 [TUniServerModule]:Server First Init.
UserManager.exe: 00001C68: 16:37:34 [TUniServerModule]:Debug Mode = ON
UserManager.exe: 00001C68: 16:37:34 [TUniServerModule]:Global Cache Folder Erased. <27> Files deleted.
UserManager.exe: 00001C68: 16:37:34 [TUniServerModule]:Starting HTTP Server on Port: 8076...
UserManager.exe: 00001C68: 16:37:34 [TUniServerModule]:HTTP Server Started on Port: 8076
UserManager.exe: 00001BD0: 16:37:44 [127.0.0.1]:EUniSessionException : Invalid session or session Timeout. : Addr: $007BE0E9
UserManager.exe: 00001C60: 16:39:22 []:>--------------------------------------------------------------<
UserManager.exe: 00001C60: 16:39:22 [TUniServerModule]:Server First Init.
UserManager.exe: 00001C60: 16:39:22 [TUniServerModule]:Debug Mode = ON
UserManager.exe: 00001C60: 16:39:22 [TUniServerModule]:Global Cache Folder Erased. <25> Files deleted.
UserManager.exe: 00001C60: 16:39:22 [TUniServerModule]:Starting HTTP Server on Port: 8076...
UserManager.exe: 00001C60: 16:39:22 [TUniServerModule]:HTTP Server Started on Port: 8076
UserManager.exe: 00000F08: 16:39:26 [127.0.0.1]:EUniSessionException : Invalid session or session Timeout. : Addr: $007BE0E9
UserManager.exe: 00002ED8: 16:39:37 []:>--------------------------------------------------------------<
UserManager.exe: 00002ED8: 16:39:37 [TUniServerModule]:Server First Init.
UserManager.exe: 00002ED8: 16:39:37 [TUniServerModule]:Debug Mode = ON
UserManager.exe: 00002ED8: 16:39:37 [TUniServerModule]:Global Cache Folder Erased. <3> Files deleted.
UserManager.exe: 00002ED8: 16:39:37 [TUniServerModule]:Starting HTTP Server on Port: 8076...
UserManager.exe: 00002ED8: 16:39:37 [TUniServerModule]:HTTP Server Started on Port: 8076
UserManager.exe: 00003194: 16:41:15 []:>--------------------------------------------------------------<
UserManager.exe: 00003194: 16:41:15 [TUniServerModule]:Server First Init.
UserManager.exe: 00003194: 16:41:15 [TUniServerModule]:Debug Mode = ON
UserManager.exe: 00003194: 16:41:15 [TUniServerModule]:Global Cache Folder Erased. <1> Files deleted.
UserManager.exe: 00003194: 16:41:15 [TUniServerModule]:Starting HTTP Server on Port: 8076...
UserManager.exe: 00003194: 16:41:15 [TUniServerModule]:HTTP Server Started on Port: 8076
UserManager.exe: 00002520: 16:41:17 [127.0.0.1]:EUniSessionException : Invalid session or session Timeout. : Addr: $007BE0E9
UserManager.exe: 000032C4: 16:42:03 []:>--------------------------------------------------------------<
UserManager.exe: 000032C4: 16:42:04 [TUniServerModule]:Server First Init.
UserManager.exe: 000032C4: 16:42:04 [TUniServerModule]:Debug Mode = ON
UserManager.exe: 000032C4: 16:42:04 [TUniServerModule]:Global Cache Folder Erased. <3> Files deleted.
UserManager.exe: 000032C4: 16:42:04 [TUniServerModule]:Starting HTTP Server on Port: 8076...
UserManager.exe: 000032C4: 16:42:04 [TUniServerModule]:HTTP Server Started on Port: 8076
UserManager.exe: 000028D4: 16:42:06 [127.0.0.1]:EUniSessionException : Invalid session or session Timeout. : Addr: $007BE0E9
UserManager.exe: 000029A0: 16:45:38 []:>--------------------------------------------------------------<
UserManager.exe: 000029A0: 16:45:38 [TUniServerModule]:Server First Init.
UserManager.exe: 000029A0: 16:45:38 [TUniServerModule]:Debug Mode = ON
UserManager.exe: 000029A0: 16:45:38 [TUniServerModule]:Global Cache Folder Erased. <3> Files deleted.
UserManager.exe: 000029A0: 16:45:38 [TUniServerModule]:Starting HTTP Server on Port: 8076...
UserManager.exe: 000029A0: 16:45:38 [TUniServerModule]:HTTP Server Started on Port: 8076
UserManager.exe: 00001CF0: 16:45:42 [127.0.0.1]:EUniSessionException : Invalid session or session Timeout. : Addr: $007BE0E9
UserManager.exe: 00002D34: 16:46:28 []:>--------------------------------------------------------------<
UserManager.exe: 00002D34: 16:46:28 [TUniServerModule]:Server First Init.
UserManager.exe: 00002D34: 16:46:28 [TUniServerModule]:Debug Mode = ON
UserManager.exe: 00002D34: 16:46:28 [TUniServerModule]:Global Cache Folder Erased. <25> Files deleted.
UserManager.exe: 00002D34: 16:46:28 [TUniServerModule]:Starting HTTP Server on Port: 8076...
UserManager.exe: 00002D34: 16:46:28 [TUniServerModule]:HTTP Server Started on Port: 8076
UserManager.exe: 00002974: 16:46:34 [127.0.0.1]:EUniSessionException : Invalid session or session Timeout. : Addr: $007BE0E9
UserManager.exe: 00002E18: 16:48:23 []:>--------------------------------------------------------------<
UserManager.exe: 00002E18: 16:48:23 [TUniServerModule]:Server First Init.
UserManager.exe: 00002E18: 16:48:23 [TUniServerModule]:Debug Mode = ON
UserManager.exe: 00002E18: 16:48:23 [TUniServerModule]:Global Cache Folder Erased. <3> Files deleted.
UserManager.exe: 00002E18: 16:48:23 [TUniServerModule]:Starting HTTP Server on Port: 8076...
UserManager.exe: 00002E18: 16:48:23 [TUniServerModule]:HTTP Server Started on Port: 8076
UserManager.exe: 00000E2C: 16:48:30 [127.0.0.1]:EUniSessionException : Invalid session or session Timeout. : Addr: $007BE0E9
UserManager.exe: 000021FC: 16:51:01 []:>--------------------------------------------------------------<
UserManager.exe: 000021FC: 16:51:01 [TUniServerModule]:Server First Init.
UserManager.exe: 000021FC: 16:51:01 [TUniServerModule]:Debug Mode = ON
UserManager.exe: 000021FC: 16:51:01 [TUniServerModule]:Global Cache Folder Erased. <3> Files deleted.
UserManager.exe: 000021FC: 16:51:01 [TUniServerModule]:Starting HTTP Server on Port: 8076...
UserManager.exe: 000021FC: 16:51:01 [TUniServerModule]:HTTP Server Started on Port: 8076
UserManager.exe: 000031F8: 16:51:03 [127.0.0.1]:EUniSessionException : Invalid session or session Timeout. : Addr: $007BE0E9
UserManager.exe: 00001E38: 16:51:26 []:>--------------------------------------------------------------<
UserManager.exe: 00001E38: 16:51:26 [TUniServerModule]:Server First Init.
UserManager.exe: 00001E38: 16:51:26 [TUniServerModule]:Debug Mode = ON
UserManager.exe: 00001E38: 16:51:26 [TUniServerModule]:Global Cache Folder Erased. <3> Files deleted.
UserManager.exe: 00001E38: 16:51:26 [TUniServerModule]:Starting HTTP Server on Port: 8076...
UserManager.exe: 00001E38: 16:51:26 [TUniServerModule]:HTTP Server Started on Port: 8076
UserManager.exe: 00003290: 16:51:30 [127.0.0.1]:EUniSessionException : Invalid session or session Timeout. : Addr: $007BE0E9
UserManager.exe: 00003398: 16:52:51 []:>--------------------------------------------------------------<
UserManager.exe: 00003398: 16:52:51 [TUniServerModule]:Server First Init.
UserManager.exe: 00003398: 16:52:51 [TUniServerModule]:Debug Mode = ON
UserManager.exe: 00003398: 16:52:51 [TUniServerModule]:Global Cache Folder Erased. <3> Files deleted.
UserManager.exe: 00003398: 16:52:51 [TUniServerModule]:Starting HTTP Server on Port: 8076...
UserManager.exe: 00003398: 16:52:51 [TUniServerModule]:HTTP Server Started on Port: 8076
UserManager.exe: 00002C1C: 16:52:54 [127.0.0.1]:EUniSessionException : Invalid session or session Timeout. : Addr: $007BE0E9
UserManager.exe: 00003194: 16:57:01 []:>--------------------------------------------------------------<
UserManager.exe: 00003194: 16:57:01 [TUniServerModule]:Server First Init.
UserManager.exe: 00003194: 16:57:01 [TUniServerModule]:Debug Mode = ON
UserManager.exe: 00003194: 16:57:01 [TUniServerModule]:Global Cache Folder Erased. <25> Files deleted.
UserManager.exe: 00003194: 16:57:01 [TUniServerModule]:Starting HTTP Server on Port: 8076...
UserManager.exe: 00003194: 16:57:02 [TUniServerModule]:HTTP Server Started on Port: 8076
UserManager.exe: 00002EDC: 16:57:09 [127.0.0.1]:EUniSessionException : Invalid session or session Timeout. : Addr: $007BE0E9
UserManager.exe: 00000DCC: 16:58:49 []:>--------------------------------------------------------------<
UserManager.exe: 00000DCC: 16:58:49 [TUniServerModule]:Server First Init.
UserManager.exe: 00000DCC: 16:58:49 [TUniServerModule]:Debug Mode = ON
UserManager.exe: 00000DCC: 16:58:49 [TUniServerModule]:Global Cache Folder Erased. <25> Files deleted.
UserManager.exe: 00000DCC: 16:58:50 [TUniServerModule]:Starting HTTP Server on Port: 8076...
UserManager.exe: 00000DCC: 16:58:50 [TUniServerModule]:HTTP Server Started on Port: 8076
UserManager.exe: 00002988: 16:58:52 [127.0.0.1]:EUniSessionException : Invalid session or session Timeout. : Addr: $007BE0E9
UserManager.exe: 000033F4: 16:59:44 []:>--------------------------------------------------------------<
UserManager.exe: 000033F4: 16:59:44 [TUniServerModule]:Server First Init.
UserManager.exe: 000033F4: 16:59:44 [TUniServerModule]:Debug Mode = ON
UserManager.exe: 000033F4: 16:59:44 [TUniServerModule]:Global Cache Folder Erased. <25> Files deleted.
UserManager.exe: 000033F4: 16:59:44 [TUniServerModule]:Starting HTTP Server on Port: 8076...
UserManager.exe: 000033F4: 16:59:44 [TUniServerModule]:HTTP Server Started on Port: 8076
UserManager.exe: 00001D0C: 16:59:46 [127.0.0.1]:EUniSessionException : Invalid session or session Timeout. : Addr: $007BE0E9
UserManager.exe: 00000ACC: 16:59:46 [127.0.0.1]:EUniSessionException : Invalid session or session Timeout. : Addr: $007BE0E9
UserManager.exe: 00000D78: 17:00:16 []:>--------------------------------------------------------------<
UserManager.exe: 00000D78: 17:00:16 [TUniServerModule]:Server First Init.
UserManager.exe: 00000D78: 17:00:16 [TUniServerModule]:Debug Mode = ON
UserManager.exe: 00000D78: 17:00:16 [TUniServerModule]:Global Cache Folder Erased. <25> Files deleted.
UserManager.exe: 00000D78: 17:00:16 [TUniServerModule]:Starting HTTP Server on Port: 8076...
UserManager.exe: 00000D78: 17:00:16 [TUniServerModule]:HTTP Server Started on Port: 8076
UserManager.exe: 00002B60: 17:00:22 [127.0.0.1]:EUniSessionException : Invalid session or session Timeout. : Addr: $007BE0E9
UserManager.exe: 00002D50: 17:00:37 []:>--------------------------------------------------------------<
UserManager.exe: 00002D50: 17:00:37 [TUniServerModule]:Server First Init.
UserManager.exe: 00002D50: 17:00:37 [TUniServerModule]:Debug Mode = ON
UserManager.exe: 00002D50: 17:00:37 [TUniServerModule]:Global Cache Folder Erased. <25> Files deleted.
UserManager.exe: 00002D50: 17:00:37 [TUniServerModule]:Starting HTTP Server on Port: 8076...
UserManager.exe: 00002D50: 17:00:37 [TUniServerModule]:HTTP Server Started on Port: 8076
UserManager.exe: 00003324: 17:00:41 [127.0.0.1]:EUniSessionException : Invalid session or session Timeout. : Addr: $007BE0E9
UserManager.exe: 0000190C: 17:01:37 []:>--------------------------------------------------------------<
UserManager.exe: 0000190C: 17:01:37 [TUniServerModule]:Server First Init.
UserManager.exe: 0000190C: 17:01:37 [TUniServerModule]:Debug Mode = ON
UserManager.exe: 0000190C: 17:01:37 [TUniServerModule]:Global Cache Folder Erased. <25> Files deleted.
UserManager.exe: 0000190C: 17:01:37 [TUniServerModule]:Starting HTTP Server on Port: 8076...
UserManager.exe: 0000190C: 17:01:37 [TUniServerModule]:HTTP Server Started on Port: 8076
UserManager.exe: 00001338: 17:01:42 [127.0.0.1]:EUniSessionException : Invalid session or session Timeout. : Addr: $007BE0E9
UserManager.exe: 00000290: 17:02:16 []:>--------------------------------------------------------------<
UserManager.exe: 00000290: 17:02:17 [TUniServerModule]:Server First Init.
UserManager.exe: 00000290: 17:02:17 [TUniServerModule]:Debug Mode = ON
UserManager.exe: 00000290: 17:02:17 [TUniServerModule]:Global Cache Folder Erased. <26> Files deleted.
UserManager.exe: 00000290: 17:02:17 [TUniServerModule]:Starting HTTP Server on Port: 8076...
UserManager.exe: 00000290: 17:02:17 [TUniServerModule]:HTTP Server Started on Port: 8076
UserManager.exe: 000027EC: 17:02:19 [127.0.0.1]:EUniSessionException : Invalid session or session Timeout. : Addr: $007BE0E9
UserManager.exe: 000026F8: 17:03:16 []:>--------------------------------------------------------------<
UserManager.exe: 000026F8: 17:03:16 [TUniServerModule]:Server First Init.
UserManager.exe: 000026F8: 17:03:16 [TUniServerModule]:Debug Mode = ON
UserManager.exe: 000026F8: 17:03:16 [TUniServerModule]:Global Cache Folder Erased. <25> Files deleted.
UserManager.exe: 000026F8: 17:03:16 [TUniServerModule]:Starting HTTP Server on Port: 8076...
UserManager.exe: 000026F8: 17:03:16 [TUniServerModule]:HTTP Server Started on Port: 8076
UserManager.exe: 00002B48: 17:03:18 [127.0.0.1]:EUniSessionException : Invalid session or session Timeout. : Addr: $007BE0E9
UserManager.exe: 000032D0: 17:04:03 []:>--------------------------------------------------------------<
UserManager.exe: 000032D0: 17:04:03 [TUniServerModule]:Server First Init.
UserManager.exe: 000032D0: 17:04:03 [TUniServerModule]:Debug Mode = ON
UserManager.exe: 000032D0: 17:04:03 [TUniServerModule]:Global Cache Folder Erased. <25> Files deleted.
UserManager.exe: 000032D0: 17:04:03 [TUniServerModule]:Starting HTTP Server on Port: 8076...
UserManager.exe: 000032D0: 17:04:03 [TUniServerModule]:HTTP Server Started on Port: 8076
UserManager.exe: 00001AFC: 17:04:08 [127.0.0.1]:EUniSessionException : Invalid session or session Timeout. : Addr: $007BE0E9
UserManager.exe: 0000316C: 17:05:32 []:>--------------------------------------------------------------<
UserManager.exe: 0000316C: 17:05:32 [TUniServerModule]:Server First Init.
UserManager.exe: 0000316C: 17:05:32 [TUniServerModule]:Debug Mode = ON
UserManager.exe: 0000316C: 17:05:32 [TUniServerModule]:Global Cache Folder Erased. <25> Files deleted.
UserManager.exe: 0000316C: 17:05:32 [TUniServerModule]:Starting HTTP Server on Port: 8076...
UserManager.exe: 0000316C: 17:05:32 [TUniServerModule]:HTTP Server Started on Port: 8076
UserManager.exe: 00002938: 17:05:35 [127.0.0.1]:EUniSessionException : Invalid session or session Timeout. : Addr: $007BE0E9
UserManager.exe: 00002988: 17:06:10 []:>--------------------------------------------------------------<
UserManager.exe: 00002988: 17:06:10 [TUniServerModule]:Server First Init.
UserManager.exe: 00002988: 17:06:10 [TUniServerModule]:Debug Mode = ON
UserManager.exe: 00002988: 17:06:10 [TUniServerModule]:Global Cache Folder Erased. <25> Files deleted.
UserManager.exe: 00002988: 17:06:10 [TUniServerModule]:Starting HTTP Server on Port: 8076...
UserManager.exe: 00002988: 17:06:10 [TUniServerModule]:HTTP Server Started on Port: 8076
UserManager.exe: 00000D1C: 17:06:15 [127.0.0.1]:EUniSessionException : Invalid session or session Timeout. : Addr: $007BE0E9
UserManager.exe: 00002288: 17:13:18 []:>--------------------------------------------------------------<
UserManager.exe: 00002288: 17:13:18 [TUniServerModule]:Server First Init.
UserManager.exe: 00002288: 17:13:18 [TUniServerModule]:Debug Mode = ON
UserManager.exe: 00002288: 17:13:18 [TUniServerModule]:Global Cache Folder Erased. <25> Files deleted.
UserManager.exe: 00002288: 17:13:18 [TUniServerModule]:Starting HTTP Server on Port: 8076...
UserManager.exe: 00002288: 17:13:18 [TUniServerModule]:HTTP Server Started on Port: 8076
UserManager.exe: 000002DC: 17:13:21 [127.0.0.1]:EUniSessionException : Invalid session or session Timeout. : Addr: $007BE0E9
UserManager.exe: 00002974: 17:14:36 []:>--------------------------------------------------------------<
UserManager.exe: 00002974: 17:14:36 [TUniServerModule]:Server First Init.
UserManager.exe: 00002974: 17:14:36 [TUniServerModule]:Debug Mode = ON
UserManager.exe: 00002974: 17:14:36 [TUniServerModule]:Global Cache Folder Erased. <25> Files deleted.
UserManager.exe: 00002974: 17:14:36 [TUniServerModule]:Starting HTTP Server on Port: 8076...
UserManager.exe: 00002974: 17:14:36 [TUniServerModule]:HTTP Server Started on Port: 8076
UserManager.exe: 00002664: 17:14:41 [127.0.0.1]:EUniSessionException : Invalid session or session Timeout. : Addr: $007BE0E9
UserManager.exe: 000021D0: 17:18:18 []:>--------------------------------------------------------------<
UserManager.exe: 000021D0: 17:18:18 [TUniServerModule]:Server First Init.
UserManager.exe: 000021D0: 17:18:18 [TUniServerModule]:Debug Mode = ON
UserManager.exe: 000021D0: 17:18:18 [TUniServerModule]:Global Cache Folder Erased. <25> Files deleted.
UserManager.exe: 000021D0: 17:18:18 [TUniServerModule]:Starting HTTP Server on Port: 8076...
UserManager.exe: 000021D0: 17:18:19 [TUniServerModule]:HTTP Server Started on Port: 8076
UserManager.exe: 000017F0: 17:18:21 [127.0.0.1]:EUniSessionException : Invalid session or session Timeout. : Addr: $007BE0E9
UserManager.exe: 00000394: 17:20:12 []:>--------------------------------------------------------------<
UserManager.exe: 00000394: 17:20:12 [TUniServerModule]:Server First Init.
UserManager.exe: 00000394: 17:20:12 [TUniServerModule]:Debug Mode = ON
UserManager.exe: 00000394: 17:20:12 [TUniServerModule]:Global Cache Folder Erased. <25> Files deleted.
UserManager.exe: 00000394: 17:20:12 [TUniServerModule]:Starting HTTP Server on Port: 8076...
UserManager.exe: 00000394: 17:20:12 [TUniServerModule]:HTTP Server Started on Port: 8076
UserManager.exe: 00001CBC: 17:20:17 [127.0.0.1]:EUniSessionException : Invalid session or session Timeout. : Addr: $007BE0E9
UserManager.exe: 000032F0: 17:21:50 []:>--------------------------------------------------------------<
UserManager.exe: 000032F0: 17:21:50 [TUniServerModule]:Server First Init.
UserManager.exe: 000032F0: 17:21:50 [TUniServerModule]:Debug Mode = ON
UserManager.exe: 000032F0: 17:21:50 [TUniServerModule]:Global Cache Folder Erased. <25> Files deleted.
UserManager.exe: 000032F0: 17:21:50 [TUniServerModule]:Starting HTTP Server on Port: 8076...
UserManager.exe: 000032F0: 17:21:50 [TUniServerModule]:HTTP Server Started on Port: 8076
UserManager.exe: 00002B48: 17:21:57 [127.0.0.1]:EUniSessionException : Invalid session or session Timeout. : Addr: $007BE0E9
UserManager.exe: 00003040: 17:23:23 []:>--------------------------------------------------------------<
UserManager.exe: 00003040: 17:23:23 [TUniServerModule]:Server First Init.
UserManager.exe: 00003040: 17:23:23 [TUniServerModule]:Debug Mode = ON
UserManager.exe: 00003040: 17:23:23 [TUniServerModule]:Global Cache Folder Erased. <25> Files deleted.
UserManager.exe: 00003040: 17:23:23 [TUniServerModule]:Starting HTTP Server on Port: 8076...
UserManager.exe: 00003040: 17:23:23 [TUniServerModule]:HTTP Server Started on Port: 8076
UserManager.exe: 000030A0: 17:23:26 [127.0.0.1]:EUniSessionException : Invalid session or session Timeout. : Addr: $007BE0E9
UserManager.exe: 000030C4: 17:24:10 []:>--------------------------------------------------------------<
UserManager.exe: 000030C4: 17:24:10 [TUniServerModule]:Server First Init.
UserManager.exe: 000030C4: 17:24:10 [TUniServerModule]:Debug Mode = ON
UserManager.exe: 000030C4: 17:24:10 [TUniServerModule]:Global Cache Folder Erased. <25> Files deleted.
UserManager.exe: 000030C4: 17:24:10 [TUniServerModule]:Starting HTTP Server on Port: 8076...
UserManager.exe: 000030C4: 17:24:10 [TUniServerModule]:HTTP Server Started on Port: 8076
UserManager.exe: 00002E84: 17:24:16 [127.0.0.1]:EUniSessionException : Invalid session or session Timeout. : Addr: $007BE0E9
UserManager.exe: 00002204: 17:24:48 []:>--------------------------------------------------------------<
UserManager.exe: 00002204: 17:24:48 [TUniServerModule]:Server First Init.
UserManager.exe: 00002204: 17:24:48 [TUniServerModule]:Debug Mode = ON
UserManager.exe: 00002204: 17:24:48 [TUniServerModule]:Global Cache Folder Erased. <25> Files deleted.
UserManager.exe: 00002204: 17:24:48 [TUniServerModule]:Starting HTTP Server on Port: 8076...
UserManager.exe: 00002204: 17:24:48 [TUniServerModule]:HTTP Server Started on Port: 8076
UserManager.exe: 00002D94: 17:24:52 [127.0.0.1]:EUniSessionException : Invalid session or session Timeout. : Addr: $007BE0E9
UserManager.exe: 000024D0: 17:26:02 []:>--------------------------------------------------------------<
UserManager.exe: 000024D0: 17:26:02 [TUniServerModule]:Server First Init.
UserManager.exe: 000024D0: 17:26:02 [TUniServerModule]:Debug Mode = ON
UserManager.exe: 000024D0: 17:26:02 [TUniServerModule]:Global Cache Folder Erased. <25> Files deleted.
UserManager.exe: 000024D0: 17:26:03 [TUniServerModule]:Starting HTTP Server on Port: 8076...
UserManager.exe: 000024D0: 17:26:03 [TUniServerModule]:HTTP Server Started on Port: 8076
UserManager.exe: 00000FE4: 17:26:07 [127.0.0.1]:EUniSessionException : Invalid session or session Timeout. : Addr: $007BE0E9
UserManager.exe: 00001FBC: 17:27:31 []:>--------------------------------------------------------------<
UserManager.exe: 00001FBC: 17:27:31 [TUniServerModule]:Server First Init.
UserManager.exe: 00001FBC: 17:27:31 [TUniServerModule]:Debug Mode = ON
UserManager.exe: 00001FBC: 17:27:31 [TUniServerModule]:Global Cache Folder Erased. <25> Files deleted.
UserManager.exe: 00001FBC: 17:27:31 [TUniServerModule]:Starting HTTP Server on Port: 8076...
UserManager.exe: 00001FBC: 17:27:32 [TUniServerModule]:HTTP Server Started on Port: 8076
UserManager.exe: 000014F4: 17:27:38 [127.0.0.1]:EUniSessionException : Invalid session or session Timeout. : Addr: $007BE0E9
UserManager.exe: 00002BF4: 17:28:13 []:>--------------------------------------------------------------<
UserManager.exe: 00002BF4: 17:28:13 [TUniServerModule]:Server First Init.
UserManager.exe: 00002BF4: 17:28:13 [TUniServerModule]:Debug Mode = ON
UserManager.exe: 00002BF4: 17:28:13 [TUniServerModule]:Global Cache Folder Erased. <25> Files deleted.
UserManager.exe: 00002BF4: 17:28:13 [TUniServerModule]:Starting HTTP Server on Port: 8076...
UserManager.exe: 00002BF4: 17:28:13 [TUniServerModule]:HTTP Server Started on Port: 8076
UserManager.exe: 00001364: 17:28:15 [127.0.0.1]:EUniSessionException : Invalid session or session Timeout. : Addr: $007BE0E9
UserManager.exe: 000024DC: 17:29:05 []:>--------------------------------------------------------------<
UserManager.exe: 000024DC: 17:29:05 [TUniServerModule]:Server First Init.
UserManager.exe: 000024DC: 17:29:05 [TUniServerModule]:Debug Mode = ON
UserManager.exe: 000024DC: 17:29:05 [TUniServerModule]:Global Cache Folder Erased. <25> Files deleted.
UserManager.exe: 000024DC: 17:29:05 [TUniServerModule]:Starting HTTP Server on Port: 8076...
UserManager.exe: 000024DC: 17:29:05 [TUniServerModule]:HTTP Server Started on Port: 8076
UserManager.exe: 00001EB4: 17:29:09 [127.0.0.1]:EUniSessionException : Invalid session or session Timeout. : Addr: $007BE0E9
UserManager.exe: 00002480: 17:29:47 []:>--------------------------------------------------------------<
UserManager.exe: 00002480: 17:29:47 [TUniServerModule]:Server First Init.
UserManager.exe: 00002480: 17:29:47 [TUniServerModule]:Debug Mode = ON
UserManager.exe: 00002480: 17:29:47 [TUniServerModule]:Global Cache Folder Erased. <25> Files deleted.
UserManager.exe: 00002480: 17:29:47 [TUniServerModule]:Starting HTTP Server on Port: 8076...
UserManager.exe: 00002480: 17:29:47 [TUniServerModule]:HTTP Server Started on Port: 8076
UserManager.exe: 00002BC8: 17:29:52 [127.0.0.1]:EUniSessionException : Invalid session or session Timeout. : Addr: $007BE0E9
UserManager.exe: 00000C8C: 17:32:33 []:>--------------------------------------------------------------<
UserManager.exe: 00000C8C: 17:32:33 [TUniServerModule]:Server First Init.
UserManager.exe: 00000C8C: 17:32:33 [TUniServerModule]:Debug Mode = ON
UserManager.exe: 00000C8C: 17:32:33 [TUniServerModule]:Global Cache Folder Erased. <25> Files deleted.
UserManager.exe: 00000C8C: 17:32:33 [TUniServerModule]:Starting HTTP Server on Port: 8076...
UserManager.exe: 00000C8C: 17:32:33 [TUniServerModule]:HTTP Server Started on Port: 8076
UserManager.exe: 00002B64: 17:32:37 [127.0.0.1]:EUniSessionException : Invalid session or session Timeout. : Addr: $007BE0E9
UserManager.exe: 00001EB4: 17:34:44 []:>--------------------------------------------------------------<
UserManager.exe: 00001EB4: 17:34:44 [TUniServerModule]:Server First Init.
UserManager.exe: 00001EB4: 17:34:44 [TUniServerModule]:Debug Mode = ON
UserManager.exe: 00001EB4: 17:34:44 [TUniServerModule]:Global Cache Folder Erased. <25> Files deleted.
UserManager.exe: 00001EB4: 17:34:44 [TUniServerModule]:Starting HTTP Server on Port: 8076...
UserManager.exe: 00001EB4: 17:34:44 [TUniServerModule]:HTTP Server Started on Port: 8076
UserManager.exe: 00001974: 17:34:47 [127.0.0.1]:EUniSessionException : Invalid session or session Timeout. : Addr: $007BE0E9
UserManager.exe: 000036A4: 18:17:00 []:>--------------------------------------------------------------<
UserManager.exe: 000036A4: 18:17:00 [TUniServerModule]:Server First Init.
UserManager.exe: 000036A4: 18:17:00 [TUniServerModule]:Debug Mode = ON
UserManager.exe: 000036A4: 18:17:00 [TUniServerModule]:Global Cache Folder Erased. <25> Files deleted.
UserManager.exe: 000036A4: 18:17:00 [TUniServerModule]:Starting HTTP Server on Port: 8076...
UserManager.exe: 000036A4: 18:17:00 [TUniServerModule]:HTTP Server Started on Port: 8076
UserManager.exe: 000031C0: 18:25:31 [127.0.0.1]:EUniSessionException : Invalid session or session Timeout. : Addr: $007BE0E9
