UserManager.exe: 000013DC: 09:05:39 []:>--------------------------------------------------------------<
UserManager.exe: 000013DC: 09:05:39 [TUniServerModule]:Server First Init.
UserManager.exe: 000013DC: 09:05:39 [TUniServerModule]:Debug Mode = ON
UserManager.exe: 000013DC: 09:05:39 [TUniServerModule]:Global Cache Folder Erased. <12> Files deleted.
UserManager.exe: 000013DC: 09:05:39 [TUniServerModule]:Starting HTTP Server on Port: 8076...
UserManager.exe: 000013DC: 09:05:39 [TUniServerModule]:HTTP Server Started on Port: 8076
UserManager.exe: 00001568: 09:14:08 []:>--------------------------------------------------------------<
UserManager.exe: 00001568: 09:14:08 [TUniServerModule]:Server First Init.
UserManager.exe: 00001568: 09:14:08 [TUniServerModule]:Debug Mode = ON
UserManager.exe: 00001568: 09:14:08 [TUniServerModule]:Global Cache Folder Erased. <26> Files deleted.
UserManager.exe: 00001568: 09:14:08 [TUniServerModule]:Starting HTTP Server on Port: 8076...
UserManager.exe: 00001568: 09:14:08 [TUniServerModule]:HTTP Server Started on Port: 8076
UserManager.exe: 00001EC0: 09:14:11 [127.0.0.1]:EUniSessionException : Invalid session or session Timeout. : Addr: $007BE0E9
UserManager.exe: 00002268: 09:49:34 []:>--------------------------------------------------------------<
UserManager.exe: 00002268: 09:49:34 [TUniServerModule]:Server First Init.
UserManager.exe: 00002268: 09:49:34 [TUniServerModule]:Debug Mode = ON
UserManager.exe: 00002268: 09:49:34 [TUniServerModule]:Global Cache Folder Erased. <11> Files deleted.
UserManager.exe: 00002268: 09:49:34 [TUniServerModule]:Starting HTTP Server on Port: 8076...
UserManager.exe: 00002268: 09:49:34 [TUniServerModule]:HTTP Server Started on Port: 8076
UserManager.exe: 00001F4C: 09:49:39 [127.0.0.1]:EUniSessionException : Invalid session or session Timeout. : Addr: $007BE0E9
UserManager.exe: 0000055C: 09:50:19 []:>--------------------------------------------------------------<
UserManager.exe: 0000055C: 09:50:19 [TUniServerModule]:Server First Init.
UserManager.exe: 0000055C: 09:50:19 [TUniServerModule]:Debug Mode = ON
UserManager.exe: 0000055C: 09:50:19 [TUniServerModule]:Global Cache Folder Erased. <36> Files deleted.
UserManager.exe: 0000055C: 09:50:19 [TUniServerModule]:Starting HTTP Server on Port: 8076...
UserManager.exe: 0000055C: 09:50:19 [TUniServerModule]:HTTP Server Started on Port: 8076
UserManager.exe: 0000147C: 09:50:24 [127.0.0.1]:EUniSessionException : Invalid session or session Timeout. : Addr: $007BE0E9
UserManager.exe: 000025BC: 09:51:39 []:>--------------------------------------------------------------<
UserManager.exe: 000025BC: 09:51:39 [TUniServerModule]:Server First Init.
UserManager.exe: 000025BC: 09:51:39 [TUniServerModule]:Debug Mode = ON
UserManager.exe: 000025BC: 09:51:39 [TUniServerModule]:Global Cache Folder Erased. <26> Files deleted.
UserManager.exe: 000025BC: 09:51:39 [TUniServerModule]:Starting HTTP Server on Port: 8076...
UserManager.exe: 000025BC: 09:51:39 [TUniServerModule]:HTTP Server Started on Port: 8076
UserManager.exe: 00002424: 09:51:41 [127.0.0.1]:EUniSessionException : Invalid session or session Timeout. : Addr: $007BE0E9
UserManager.exe: 00002700: 09:52:45 []:>--------------------------------------------------------------<
UserManager.exe: 00002700: 09:52:45 [TUniServerModule]:Server First Init.
UserManager.exe: 00002700: 09:52:45 [TUniServerModule]:Debug Mode = ON
UserManager.exe: 00002700: 09:52:45 [TUniServerModule]:Global Cache Folder Erased. <36> Files deleted.
UserManager.exe: 00002700: 09:52:45 [TUniServerModule]:Starting HTTP Server on Port: 8076...
UserManager.exe: 00002700: 09:52:45 [TUniServerModule]:HTTP Server Started on Port: 8076
UserManager.exe: 000027A8: 09:52:49 [127.0.0.1]:EUniSessionException : Invalid session or session Timeout. : Addr: $007BE0E9
UserManager.exe: 00002B00: 11:41:54 []:>--------------------------------------------------------------<
UserManager.exe: 00002B00: 11:41:54 [TUniServerModule]:Server First Init.
UserManager.exe: 00002B00: 11:41:54 [TUniServerModule]:Debug Mode = ON
UserManager.exe: 00002B00: 11:41:54 [TUniServerModule]:Global Cache Folder Erased. <24> Files deleted.
UserManager.exe: 00002B00: 11:41:54 [TUniServerModule]:Starting HTTP Server on Port: 8076...
UserManager.exe: 00002B00: 11:41:54 [TUniServerModule]:HTTP Server Started on Port: 8076
UserManager.exe: 00002B44: 11:42:03 [127.0.0.1]:EUniSessionException : Invalid session or session Timeout. : Addr: $007BED59
UserManager.exe: 000025A4: 13:05:01 []:>--------------------------------------------------------------<
UserManager.exe: 000025A4: 13:05:01 [TUniServerModule]:Server First Init.
UserManager.exe: 000025A4: 13:05:01 [TUniServerModule]:Debug Mode = ON
UserManager.exe: 000025A4: 13:05:01 [TUniServerModule]:Global Cache Folder Erased. <1> Files deleted.
UserManager.exe: 000025A4: 13:05:01 [TUniServerModule]:Starting HTTP Server on Port: 8076...
UserManager.exe: 000025A4: 13:05:01 [TUniServerModule]:HTTP Server Started on Port: 8076
UserManager.exe: 00003190: 13:05:16 [127.0.0.1]:EUniSessionException : Invalid session or session Timeout. : Addr: $007BED59
UserManager.exe: 0000101C: 13:23:42 []:>--------------------------------------------------------------<
UserManager.exe: 0000101C: 13:23:42 [TUniServerModule]:Server First Init.
UserManager.exe: 0000101C: 13:23:42 [TUniServerModule]:Debug Mode = ON
UserManager.exe: 0000101C: 13:23:42 [TUniServerModule]:Global Cache Folder Erased. <3> Files deleted.
UserManager.exe: 0000101C: 13:23:42 [TUniServerModule]:Starting HTTP Server on Port: 8076...
UserManager.exe: 0000101C: 13:23:42 [TUniServerModule]:HTTP Server Started on Port: 8076
UserManager.exe: 00000D74: 13:51:16 []:>--------------------------------------------------------------<
UserManager.exe: 00000D74: 13:51:16 [TUniServerModule]:Server First Init.
UserManager.exe: 00000D74: 13:51:16 [TUniServerModule]:Debug Mode = ON
UserManager.exe: 00000D74: 13:51:16 [TUniServerModule]:Global Cache Folder Erased. <4> Files deleted.
UserManager.exe: 00000D74: 13:51:16 [TUniServerModule]:Starting HTTP Server on Port: 8076...
UserManager.exe: 00000D74: 13:51:16 [TUniServerModule]:HTTP Server Started on Port: 8076
UserManager.exe: 00002B14: 13:51:27 [127.0.0.1]:EUniSessionException : Invalid session or session Timeout. : Addr: $007BED59
UserManager.exe: 00002C0C: 13:52:40 [fdqrysys_user: Parameter 'user_id' not found-127.0.0.1]:EDatabaseError : fdqrysys_user: Parameter 'user_id' not found : Addr: $00651082
UserManager.exe: 00002894: 13:53:45 []:>--------------------------------------------------------------<
UserManager.exe: 00002894: 13:53:45 [TUniServerModule]:Server First Init.
UserManager.exe: 00002894: 13:53:45 [TUniServerModule]:Debug Mode = ON
UserManager.exe: 00002894: 13:53:45 [TUniServerModule]:Global Cache Folder Erased. <4> Files deleted.
UserManager.exe: 00002894: 13:53:45 [TUniServerModule]:Starting HTTP Server on Port: 8076...
UserManager.exe: 00002894: 13:53:45 [TUniServerModule]:HTTP Server Started on Port: 8076
UserManager.exe: 000026EC: 13:53:50 [127.0.0.1]:EUniSessionException : Invalid session or session Timeout. : Addr: $007BED59
UserManager.exe: 00002C38: 13:53:59 [127.0.0.1]:EDatabaseError : '人' is not a valid integer value for field 'user_id' : Addr: $00651097
UserManager.exe: 000031A0: 13:54:37 []:>--------------------------------------------------------------<
UserManager.exe: 000031A0: 13:54:37 [TUniServerModule]:Server First Init.
UserManager.exe: 000031A0: 13:54:37 [TUniServerModule]:Debug Mode = ON
UserManager.exe: 000031A0: 13:54:37 [TUniServerModule]:Global Cache Folder Erased. <3> Files deleted.
UserManager.exe: 000031A0: 13:54:37 [TUniServerModule]:Starting HTTP Server on Port: 8076...
UserManager.exe: 000031A0: 13:54:37 [TUniServerModule]:HTTP Server Started on Port: 8076
UserManager.exe: 00002B30: 13:54:43 [127.0.0.1]:EUniSessionException : Invalid session or session Timeout. : Addr: $007BED59
UserManager.exe: 00003098: 13:54:43 [127.0.0.1]:EUniSessionException : Invalid session or session Timeout. : Addr: $007BED59
UserManager.exe: 00001EC8: 14:59:16 []:>--------------------------------------------------------------<
UserManager.exe: 00001EC8: 14:59:16 [TUniServerModule]:Server First Init.
UserManager.exe: 00001EC8: 14:59:16 [TUniServerModule]:Debug Mode = ON
UserManager.exe: 00001EC8: 14:59:16 [TUniServerModule]:Global Cache Folder Erased. <1> Files deleted.
UserManager.exe: 00001EC8: 14:59:16 [TUniServerModule]:Starting HTTP Server on Port: 8076...
UserManager.exe: 00001EC8: 14:59:16 [TUniServerModule]:HTTP Server Started on Port: 8076
UserManager.exe: 00000E68: 14:59:23 [127.0.0.1]:EUniSessionException : Invalid session or session Timeout. : Addr: $007BED59
UserManager.exe: 00003040: 15:01:26 []:>--------------------------------------------------------------<
UserManager.exe: 00003040: 15:01:26 [TUniServerModule]:Server First Init.
UserManager.exe: 00003040: 15:01:26 [TUniServerModule]:Debug Mode = ON
UserManager.exe: 00003040: 15:01:26 [TUniServerModule]:Global Cache Folder Erased. <3> Files deleted.
UserManager.exe: 00003040: 15:01:26 [TUniServerModule]:Starting HTTP Server on Port: 8076...
UserManager.exe: 00003040: 15:01:26 [TUniServerModule]:HTTP Server Started on Port: 8076
UserManager.exe: 000015F0: 15:01:38 [127.0.0.1]:EUniSessionException : Invalid session or session Timeout. : Addr: $007BED59
UserManager.exe: 00000CDC: 15:04:48 []:>--------------------------------------------------------------<
UserManager.exe: 00000CDC: 15:04:48 [TUniServerModule]:Server First Init.
UserManager.exe: 00000CDC: 15:04:48 [TUniServerModule]:Debug Mode = ON
UserManager.exe: 00000CDC: 15:04:48 [TUniServerModule]:Global Cache Folder Erased. <3> Files deleted.
UserManager.exe: 00000CDC: 15:04:48 [TUniServerModule]:Starting HTTP Server on Port: 8076...
UserManager.exe: 00000CDC: 15:04:48 [TUniServerModule]:HTTP Server Started on Port: 8076
UserManager.exe: 000013C4: 15:04:54 [127.0.0.1]:EUniSessionException : Invalid session or session Timeout. : Addr: $007BED59
UserManager.exe: 00002DD4: 15:08:03 []:>--------------------------------------------------------------<
UserManager.exe: 00002DD4: 15:08:03 [TUniServerModule]:Server First Init.
UserManager.exe: 00002DD4: 15:08:03 [TUniServerModule]:Debug Mode = ON
UserManager.exe: 00002DD4: 15:08:03 [TUniServerModule]:Global Cache Folder Erased. <3> Files deleted.
UserManager.exe: 00002DD4: 15:08:03 [TUniServerModule]:Starting HTTP Server on Port: 8076...
UserManager.exe: 00002DD4: 15:08:03 [TUniServerModule]:HTTP Server Started on Port: 8076
UserManager.exe: 00002238: 15:08:06 [127.0.0.1]:EUniSessionException : Invalid session or session Timeout. : Addr: $007BED59
UserManager.exe: 00001CDC: 15:10:01 []:>--------------------------------------------------------------<
UserManager.exe: 00001CDC: 15:10:01 [TUniServerModule]:Server First Init.
UserManager.exe: 00001CDC: 15:10:01 [TUniServerModule]:Debug Mode = ON
UserManager.exe: 00001CDC: 15:10:01 [TUniServerModule]:Global Cache Folder Erased. <3> Files deleted.
UserManager.exe: 00001CDC: 15:10:01 [TUniServerModule]:Starting HTTP Server on Port: 8076...
UserManager.exe: 00001CDC: 15:10:01 [TUniServerModule]:HTTP Server Started on Port: 8076
UserManager.exe: 00001928: 15:10:03 [127.0.0.1]:EUniSessionException : Invalid session or session Timeout. : Addr: $007BED59
UserManager.exe: 00002D54: 15:16:06 []:>--------------------------------------------------------------<
UserManager.exe: 00002D54: 15:16:06 [TUniServerModule]:Server First Init.
UserManager.exe: 00002D54: 15:16:06 [TUniServerModule]:Debug Mode = ON
UserManager.exe: 00002D54: 15:16:06 [TUniServerModule]:Global Cache Folder Erased. <3> Files deleted.
UserManager.exe: 00002D54: 15:16:06 [TUniServerModule]:Starting HTTP Server on Port: 8076...
UserManager.exe: 00002D54: 15:16:06 [TUniServerModule]:HTTP Server Started on Port: 8076
UserManager.exe: 00002C64: 15:16:11 [127.0.0.1]:EUniSessionException : Invalid session or session Timeout. : Addr: $007BED59
UserManager.exe: 0000188C: 15:25:19 []:>--------------------------------------------------------------<
UserManager.exe: 0000188C: 15:25:19 [TUniServerModule]:Server First Init.
UserManager.exe: 0000188C: 15:25:19 [TUniServerModule]:Debug Mode = ON
UserManager.exe: 0000188C: 15:25:19 [TUniServerModule]:Global Cache Folder Erased. <3> Files deleted.
UserManager.exe: 0000188C: 15:25:19 [TUniServerModule]:Starting HTTP Server on Port: 8076...
UserManager.exe: 0000188C: 15:25:19 [TUniServerModule]:HTTP Server Started on Port: 8076
UserManager.exe: 00000EC8: 15:25:20 [127.0.0.1]:EUniSessionException : Invalid session or session Timeout. : Addr: $007BED59
UserManager.exe: 0000324C: 16:43:06 []:>--------------------------------------------------------------<
UserManager.exe: 0000324C: 16:43:06 [TUniServerModule]:Server First Init.
UserManager.exe: 0000324C: 16:43:06 [TUniServerModule]:Debug Mode = ON
UserManager.exe: 0000324C: 16:43:06 [TUniServerModule]:Global Cache Folder Erased. <3> Files deleted.
UserManager.exe: 0000324C: 16:43:06 [TUniServerModule]:Starting HTTP Server on Port: 8076...
UserManager.exe: 0000324C: 16:43:06 [TUniServerModule]:HTTP Server Started on Port: 8076
UserManager.exe: 000026B0: 16:43:29 [127.0.0.1]:EUniSessionException : Invalid session or session Timeout. : Addr: $007BED75
UserManager.exe: 00002960: 17:07:41 []:>--------------------------------------------------------------<
UserManager.exe: 00002960: 17:07:41 [TUniServerModule]:Server First Init.
UserManager.exe: 00002960: 17:07:41 [TUniServerModule]:Debug Mode = ON
UserManager.exe: 00002960: 17:07:41 [TUniServerModule]:Global Cache Folder Erased. <4> Files deleted.
UserManager.exe: 00002960: 17:07:41 [TUniServerModule]:Starting HTTP Server on Port: 8076...
UserManager.exe: 00002960: 17:07:41 [TUniServerModule]:HTTP Server Started on Port: 8076
UserManager.exe: 000025AC: 17:14:46 []:>--------------------------------------------------------------<
UserManager.exe: 000025AC: 17:14:46 [TUniServerModule]:Server First Init.
UserManager.exe: 000025AC: 17:14:46 [TUniServerModule]:Debug Mode = ON
UserManager.exe: 000025AC: 17:14:46 [TUniServerModule]:Global Cache Folder Erased. <1> Files deleted.
UserManager.exe: 000025AC: 17:14:46 [TUniServerModule]:Starting HTTP Server on Port: 8076...
UserManager.exe: 000025AC: 17:14:46 [TUniServerModule]:HTTP Server Started on Port: 8076
UserManager.exe: 000029EC: 17:14:49 [127.0.0.1]:EUniSessionException : Invalid session or session Timeout. : Addr: $007BED8D
UserManager.exe: 00001414: 17:15:19 []:>--------------------------------------------------------------<
UserManager.exe: 00001414: 17:15:19 [TUniServerModule]:Server First Init.
UserManager.exe: 00001414: 17:15:19 [TUniServerModule]:Debug Mode = ON
UserManager.exe: 00001414: 17:15:19 [TUniServerModule]:Global Cache Folder Erased. <4> Files deleted.
UserManager.exe: 00001414: 17:15:20 [TUniServerModule]:Starting HTTP Server on Port: 8076...
UserManager.exe: 00001414: 17:15:20 [TUniServerModule]:HTTP Server Started on Port: 8076
UserManager.exe: 00002E5C: 17:15:29 [127.0.0.1]:EUniSessionException : Invalid session or session Timeout. : Addr: $007BED8D
UserManager.exe: 000033AC: 17:27:13 []:>--------------------------------------------------------------<
UserManager.exe: 000033AC: 17:27:13 [TUniServerModule]:Server First Init.
UserManager.exe: 000033AC: 17:27:13 [TUniServerModule]:Debug Mode = ON
UserManager.exe: 000033AC: 17:27:13 [TUniServerModule]:Global Cache Folder Erased. <4> Files deleted.
UserManager.exe: 000033AC: 17:27:13 [TUniServerModule]:Starting HTTP Server on Port: 8076...
UserManager.exe: 000033AC: 17:27:14 [TUniServerModule]:HTTP Server Started on Port: 8076
UserManager.exe: 00000620: 17:27:16 [127.0.0.1]:EUniSessionException : Invalid session or session Timeout. : Addr: $007BED8D
UserManager.exe: 00002DF4: 17:43:20 []:>--------------------------------------------------------------<
UserManager.exe: 00002DF4: 17:43:20 [TUniServerModule]:Server First Init.
UserManager.exe: 00002DF4: 17:43:20 [TUniServerModule]:Debug Mode = ON
UserManager.exe: 00002DF4: 17:43:21 [TUniServerModule]:Global Cache Folder Erased. <37> Files deleted.
UserManager.exe: 00002DF4: 17:43:21 [TUniServerModule]:Starting HTTP Server on Port: 8076...
UserManager.exe: 00002DF4: 17:43:21 [TUniServerModule]:HTTP Server Started on Port: 8076
UserManager.exe: 00002318: 17:43:24 [127.0.0.1]:EUniSessionException : Invalid session or session Timeout. : Addr: $007BED8D
UserManager.exe: 00002010: 17:44:01 [127.0.0.1]:EDatabaseError : fdqrysys_user: Parameter 'user_id' not found : Addr: $006510B6
